#
# A fatal error has been detected by the Java Runtime Environment:
#
#  EXCEPTION_ACCESS_VIOLATION (0xc0000005) at pc=0x00007fffed266010, pid=9696, tid=11344
#
# JRE version: Java(TM) SE Runtime Environment (13.0.2+8) (build 13.0.2+8)
# Java VM: Java HotSpot(TM) 64-Bit Server VM (13.0.2+8, mixed mode, sharing, tiered, compressed oops, g1 gc, windows-amd64)
# Problematic frame:
# C  [nvoglv64.dll+0xe26010]
#
# No core dump will be written. Minidumps are not enabled by default on client versions of Windows
#
# If you would like to submit a bug report, please visit:
#   http://bugreport.java.com/bugreport/crash.jsp
# The crash happened outside the Java Virtual Machine in native code.
# See problematic frame for where to report the bug.
#

---------------  S U M M A R Y ------------

Command Line: -Xmx4096m -Djava.library.path=C:\Users\Tepop\Desktop\Files\Eclipse\Workspace1\OpenGL\lib\natives -Dfile.encoding=UTF-8 me.Datablock_.OpenGL.GameEngine.MainGameLoop

Host: Intel(R) Core(TM) i7-9750H CPU @ 2.60GHz, 12 cores, 15G,  Windows 10 , 64 bit Build 19041 (10.0.19041.1348)
Time: Sat Dec  4 18:07:06 2021 W. Europe Standard Time elapsed time: 65 seconds (0d 0h 1m 5s)

---------------  T H R E A D  ---------------

Current thread (0x000001d7d8f89800):  JavaThread "main" [_thread_in_native, id=11344, stack(0x00000064ef100000,0x00000064ef200000)]

Stack: [0x00000064ef100000,0x00000064ef200000],  sp=0x00000064ef1fd3c8,  free space=1012k
Native frames: (J=compiled Java code, j=interpreted, Vv=VM code, C=native code)
C  [nvoglv64.dll+0xe26010]

Java frames: (J=compiled Java code, j=interpreted, Vv=VM code)
J 1234  org.lwjgl.opengl.GL11.nglTexImage2D(IIIIIIIIJJ)V (0 bytes) @ 0x000001d7ea80c955 [0x000001d7ea80c8c0+0x0000000000000095]
J 1186 c1 org.lwjgl.opengl.GL11.glTexImage2D(IIIIIIIILjava/nio/ByteBuffer;)V (67 bytes) @ 0x000001d7e3490ef4 [0x000001d7e34902e0+0x0000000000000c14]
J 1377 c1 org.newdawn.slick.opengl.InternalTextureLoader.getTexture(Ljava/io/InputStream;Ljava/lang/String;IIIZ[I)Lorg/newdawn/slick/opengl/TextureImpl; (325 bytes) @ 0x000001d7e34fc684 [0x000001d7e34f9520+0x0000000000003164]
J 1238 c1 org.newdawn.slick.opengl.InternalTextureLoader.getTexture(Ljava/io/InputStream;Ljava/lang/String;ZI[I)Lorg/newdawn/slick/opengl/TextureImpl; (290 bytes) @ 0x000001d7e34bca8c [0x000001d7e34bae20+0x0000000000001c6c]
J 1204 c1 org.newdawn.slick.opengl.TextureLoader.getTexture(Ljava/lang/String;Ljava/io/InputStream;ZI)Lorg/newdawn/slick/opengl/Texture; (36 bytes) @ 0x000001d7e34970bc [0x000001d7e34969a0+0x000000000000071c]
J 1214 c1 me.Datablock_.OpenGL.GameEngine.renderEngine.Loader.loadTexture(Ljava/lang/String;)I (109 bytes) @ 0x000001d7e34a93a4 [0x000001d7e34a8c20+0x0000000000000784]
J 1213 c1 me.Datablock_.OpenGL.GameEngine.Meshes.MeshHandler.update(Lme/Datablock_/OpenGL/Core/PlanetSettings/PlanetSettings;Lme/Datablock_/OpenGL/GameEngine/renderEngine/Loader;)V (603 bytes) @ 0x000001d7e34a10ac [0x000001d7e34a0ea0+0x000000000000020c]
J 1142% c2 me.Datablock_.OpenGL.GameEngine.MainGameLoop.main([Ljava/lang/String;)V (529 bytes) @ 0x000001d7ea7f3f9c [0x000001d7ea7f1e80+0x000000000000211c]
v  ~StubRoutines::call_stub

siginfo: EXCEPTION_ACCESS_VIOLATION (0xc0000005), reading address 0x000001d99a5ae040


Register to memory mapping:

RIP=0x00007fffed266010 nvoglv64.dll
RAX=0x000001d7d543d160 points into unknown readable memory: fb ff ff ff fb ff ff ff
RBX=0x000001d99a5ae040 is an unknown value
RCX=0x000001d99a5ae060 is an unknown value
RDX=0x000001d99a5ae040 is an unknown value
RSP=0x00000064ef1fd3c8 is pointing into the stack for thread: 0x000001d7d8f89800
RBP=0x0000000000000800 is an unknown value
RSI=0x0 is NULL
RDI=0x000001d7d543d140 points into unknown readable memory: fb ff ff ff fb ff ff ff
R8 =0x0000000000000020 is an unknown value
R9 =0x0 is NULL
R10=0x0 is NULL
R11=0x0000000000000006 is an unknown value
R12=0x0 is NULL
R13=0x0 is NULL
R14=0x00000000000000fe is an unknown value
R15=0x00007fffed280270 nvoglv64.dll


Registers:
RAX=0x000001d7d543d160, RBX=0x000001d99a5ae040, RCX=0x000001d99a5ae060, RDX=0x000001d99a5ae040
RSP=0x00000064ef1fd3c8, RBP=0x0000000000000800, RSI=0x0000000000000000, RDI=0x000001d7d543d140
R8 =0x0000000000000020, R9 =0x0000000000000000, R10=0x0000000000000000, R11=0x0000000000000006
R12=0x0000000000000000, R13=0x0000000000000000, R14=0x00000000000000fe, R15=0x00007fffed280270
RIP=0x00007fffed266010, EFLAGS=0x0000000000010246

Top of Stack: (sp=0x00000064ef1fd3c8)
0x00000064ef1fd3c8:   00007fffed265c3d 0000000000000010
0x00000064ef1fd3d8:   000001d99a5ae040 0000000000000200
0x00000064ef1fd3e8:   00007fffed26f969 0000000000000000
0x00000064ef1fd3f8:   000001d780c992c0 000001d99a5ae040
0x00000064ef1fd408:   00000000000000ff 000001d7d543d140
0x00000064ef1fd418:   00007fffed16f371 000000000007f800
0x00000064ef1fd428:   0000000000000200 0000000000000800
0x00000064ef1fd438:   00000064ef1fd82c 00007fffed280270
0x00000064ef1fd448:   00000064ef1fd834 00000064ef1fd850
0x00000064ef1fd458:   00000064ef1fd890 0000000000000000
0x00000064ef1fd468:   0000000000000000 00000000ff8aaa00
0x00000064ef1fd478:   0000000000000000 0000000000000200
0x00000064ef1fd488:   00000064ef1fd41c 0000000000000000
0x00000064ef1fd498:   0000000000000200 0000006400000000
0x00000064ef1fd4a8:   0000000000000800 000000ff000000ff
0x00000064ef1fd4b8:   000001d7d543d140 0000000000100000 

Instructions: (pc=0x00007fffed266010)
0x00007fffed265f10:   e9 01 75 ec 0f ae f8 48 85 ed 74 0e 4c 8b c5 48
0x00007fffed265f20:   8b d3 48 8b ce e8 66 b8 37 00 48 8b 5c 24 38 48
0x00007fffed265f30:   8b 6c 24 40 48 83 c4 20 5e c3 cc cc cc cc cc cc
0x00007fffed265f40:   4c 8b ca 48 8b c1 41 83 e1 0f 83 e0 0f 4d 85 c0
0x00007fffed265f50:   0f 84 e7 00 00 00 4d 85 c9 74 73 48 85 c0 48 8d
0x00007fffed265f60:   41 20 48 8d 4a 20 74 38 0f 1f 84 00 00 00 00 00
0x00007fffed265f70:   48 8d 40 40 0f 10 41 e0 0f 10 49 f0 0f 10 11 0f
0x00007fffed265f80:   10 59 10 48 8d 49 40 0f 11 40 a0 0f 11 48 b0 0f
0x00007fffed265f90:   11 50 c0 0f 11 58 d0 49 83 e8 01 75 d3 c3 66 90
0x00007fffed265fa0:   48 8d 40 40 0f 10 41 e0 0f 10 49 f0 0f 10 11 0f
0x00007fffed265fb0:   10 59 10 48 8d 49 40 0f 11 40 a0 0f 11 48 b0 0f
0x00007fffed265fc0:   11 50 c0 0f 11 58 d0 49 83 e8 01 75 d3 c3 48 85
0x00007fffed265fd0:   c0 48 8d 41 20 48 8d 4a 20 74 35 0f 1f 44 00 00
0x00007fffed265fe0:   0f 10 41 e0 48 8d 40 40 0f 10 49 f0 0f 10 11 0f
0x00007fffed265ff0:   10 59 10 48 8d 49 40 0f 11 40 a0 0f 11 48 b0 0f
0x00007fffed266000:   11 50 c0 0f 11 58 d0 49 83 e8 01 75 d3 c3 66 90
0x00007fffed266010:   0f 10 41 e0 48 8d 40 40 0f 10 49 f0 0f 10 11 0f
0x00007fffed266020:   10 59 10 48 8d 49 40 0f 11 40 a0 0f 11 48 b0 0f
0x00007fffed266030:   11 50 c0 0f 11 58 d0 49 83 e8 01 75 d3 c3 cc cc
0x00007fffed266040:   48 89 4c 24 08 53 55 56 57 41 54 41 55 41 56 41
0x00007fffed266050:   57 48 81 ec c8 00 00 00 48 8b 01 4c 8b f1 48 8b
0x00007fffed266060:   08 49 8b 7e 08 4d 8b 56 10 45 8b 5e 58 41 8b 56
0x00007fffed266070:   5c 45 8b 4e 60 41 8b 76 50 45 03 cb 8b 87 80 05
0x00007fffed266080:   00 00 41 2b f3 8b af 78 05 00 00 03 c5 45 8b ba
0x00007fffed266090:   78 05 00 00 44 8b a7 84 05 00 00 45 8b aa 84 05
0x00007fffed2660a0:   00 00 44 8b 87 7c 05 00 00 45 03 e0 41 8b 9a 7c
0x00007fffed2660b0:   05 00 00 44 03 eb 89 84 24 18 01 00 00 41 8b 82
0x00007fffed2660c0:   80 05 00 00 41 03 c7 48 89 8c 24 b0 00 00 00 41
0x00007fffed2660d0:   8b 4e 64 45 8b 76 54 03 ca 89 84 24 20 01 00 00
0x00007fffed2660e0:   44 2b f2 8b 84 24 18 01 00 00 44 3b d8 0f 8d 20
0x00007fffed2660f0:   06 00 00 44 3b cd 0f 8e 17 06 00 00 41 3b d4 0f
0x00007fffed266100:   8d 0e 06 00 00 41 3b c8 0f 8e 05 06 00 00 44 3b 


Stack slot to memory mapping:
stack at sp + 0 slots: 0x00007fffed265c3d nvoglv64.dll
stack at sp + 1 slots: 0x0000000000000010 is an unknown value
stack at sp + 2 slots: 0x000001d99a5ae040 is an unknown value
stack at sp + 3 slots: 0x0000000000000200 is an unknown value
stack at sp + 4 slots: 0x00007fffed26f969 nvoglv64.dll
stack at sp + 5 slots: 0x0 is NULL
stack at sp + 6 slots: 0x000001d780c992c0 points into unknown readable memory: 09 00 00 00 04 10 00 01
stack at sp + 7 slots: 0x000001d99a5ae040 is an unknown value


---------------  P R O C E S S  ---------------

Threads class SMR info:
_java_thread_list=0x000001d7930e5540, length=12, elements={
0x000001d7d8f89800, 0x000001d7feff2000, 0x000001d7feff5800, 0x000001d7ff017000,
0x000001d7ff019800, 0x000001d7ff01c000, 0x000001d7ff8a4800, 0x000001d7ff8a6800,
0x000001d7ff9d8000, 0x000001d7ff9f2000, 0x000001d7878f3800, 0x000001d787f7f000
}

Java Threads: ( => current thread )
=>0x000001d7d8f89800 JavaThread "main" [_thread_in_native, id=11344, stack(0x00000064ef100000,0x00000064ef200000)]
  0x000001d7feff2000 JavaThread "Reference Handler" daemon [_thread_blocked, id=6788, stack(0x00000064ef800000,0x00000064ef900000)]
  0x000001d7feff5800 JavaThread "Finalizer" daemon [_thread_blocked, id=17220, stack(0x00000064ef900000,0x00000064efa00000)]
  0x000001d7ff017000 JavaThread "Signal Dispatcher" daemon [_thread_blocked, id=13728, stack(0x00000064efa00000,0x00000064efb00000)]
  0x000001d7ff019800 JavaThread "Attach Listener" daemon [_thread_blocked, id=11024, stack(0x00000064efb00000,0x00000064efc00000)]
  0x000001d7ff01c000 JavaThread "C2 CompilerThread0" daemon [_thread_blocked, id=15220, stack(0x00000064efc00000,0x00000064efd00000)]
  0x000001d7ff8a4800 JavaThread "C1 CompilerThread0" daemon [_thread_blocked, id=18496, stack(0x00000064efd00000,0x00000064efe00000)]
  0x000001d7ff8a6800 JavaThread "Sweeper thread" daemon [_thread_blocked, id=892, stack(0x00000064efe00000,0x00000064eff00000)]
  0x000001d7ff9d8000 JavaThread "Service Thread" daemon [_thread_blocked, id=8964, stack(0x00000064eff00000,0x00000064f0000000)]
  0x000001d7ff9f2000 JavaThread "Common-Cleaner" daemon [_thread_blocked, id=12060, stack(0x00000064f0100000,0x00000064f0200000)]
  0x000001d7878f3800 JavaThread "Thread-1" [_thread_in_Java, id=9904, stack(0x00000064f0940000,0x00000064f0a40000)]
  0x000001d787f7f000 JavaThread "LWJGL Timer" daemon [_thread_blocked, id=12152, stack(0x00000064f0c40000,0x00000064f0d40000)]

Other Threads:
  0x000001d7fefef800 VMThread "VM Thread" [stack: 0x00000064ef700000,0x00000064ef800000] [id=19220]
  0x000001d7ff9e2800 WatcherThread [stack: 0x00000064f0000000,0x00000064f0100000] [id=9592]
  0x000001d7d8ff5800 GCTaskThread "GC Thread#0" [stack: 0x00000064ef200000,0x00000064ef300000] [id=15792]
  0x000001d787eca800 GCTaskThread "GC Thread#1" [stack: 0x00000064f0d40000,0x00000064f0e40000] [id=9136]
  0x000001d7879b6000 GCTaskThread "GC Thread#2" [stack: 0x00000064f0e40000,0x00000064f0f40000] [id=3020]
  0x000001d792b10800 GCTaskThread "GC Thread#3" [stack: 0x00000064f0f40000,0x00000064f1040000] [id=16904]
  0x000001d792b11000 GCTaskThread "GC Thread#4" [stack: 0x00000064f1040000,0x00000064f1140000] [id=3220]
  0x000001d792b6d000 GCTaskThread "GC Thread#5" [stack: 0x00000064f1140000,0x00000064f1240000] [id=7436]
  0x000001d7d9018800 ConcurrentGCThread "G1 Main Marker" [stack: 0x00000064ef300000,0x00000064ef400000] [id=14092]
  0x000001d7d901a000 ConcurrentGCThread "G1 Conc#0" [stack: 0x00000064ef400000,0x00000064ef500000] [id=18256]
  0x000001d7feeeb000 ConcurrentGCThread "G1 Refine#0" [stack: 0x00000064ef500000,0x00000064ef600000] [id=19500]
  0x000001d7feeec000 ConcurrentGCThread "G1 Young RemSet Sampling" [stack: 0x00000064ef600000,0x00000064ef700000] [id=5888]

Threads with active compile tasks:

VM state:not at safepoint (normal execution)

VM Mutex/Monitor currently owned by a thread: None

Heap address: 0x0000000700000000, size: 4096 MB, Compressed Oops mode: Zero based, Oop shift amount: 3
Narrow klass base: 0x0000000800000000, Narrow klass shift: 3
Compressed class space size: 1073741824 Address: 0x0000000800b40000

Heap:
 garbage-first heap   total 260096K, used 7352K [0x0000000700000000, 0x0000000800000000)
  region size 1024K, 6 young (6144K), 3 survivors (3072K)
 Metaspace       used 3567K, capacity 6540K, committed 6784K, reserved 1056768K
  class space    used 212K, capacity 527K, committed 640K, reserved 1048576K
Heap Regions: E=young(eden), S=young(survivor), O=old, HS=humongous(starts), HC=humongous(continues), CS=collection set, F=free, A=archive, TAMS=top-at-mark-start (previous, next)
|   0|0x0000000700000000, 0x0000000700100000, 0x0000000700100000|100%| O|  |TAMS 0x0000000700000000, 0x0000000700000000| Untracked 
|   1|0x0000000700100000, 0x0000000700200000, 0x0000000700200000|100%| O|  |TAMS 0x0000000700100000, 0x0000000700100000| Untracked 
|   2|0x0000000700200000, 0x00000007002e1e00, 0x0000000700300000| 88%| O|  |TAMS 0x0000000700200000, 0x0000000700200000| Untracked 
|   3|0x0000000700300000, 0x0000000700300000, 0x0000000700400000|  0%| F|  |TAMS 0x0000000700300000, 0x0000000700300000| Untracked 
|   4|0x0000000700400000, 0x0000000700400000, 0x0000000700500000|  0%| F|  |TAMS 0x0000000700400000, 0x0000000700400000| Untracked 
|   5|0x0000000700500000, 0x0000000700500000, 0x0000000700600000|  0%| F|  |TAMS 0x0000000700500000, 0x0000000700500000| Untracked 
|   6|0x0000000700600000, 0x0000000700600000, 0x0000000700700000|  0%| F|  |TAMS 0x0000000700600000, 0x0000000700600000| Untracked 
|   7|0x0000000700700000, 0x0000000700700000, 0x0000000700800000|  0%| F|  |TAMS 0x0000000700700000, 0x0000000700700000| Untracked 
|   8|0x0000000700800000, 0x0000000700800000, 0x0000000700900000|  0%| F|  |TAMS 0x0000000700800000, 0x0000000700800000| Untracked 
|   9|0x0000000700900000, 0x0000000700900000, 0x0000000700a00000|  0%| F|  |TAMS 0x0000000700900000, 0x0000000700900000| Untracked 
|  10|0x0000000700a00000, 0x0000000700a00000, 0x0000000700b00000|  0%| F|  |TAMS 0x0000000700a00000, 0x0000000700a00000| Untracked 
|  11|0x0000000700b00000, 0x0000000700b00000, 0x0000000700c00000|  0%| F|  |TAMS 0x0000000700b00000, 0x0000000700b00000| Untracked 
|  12|0x0000000700c00000, 0x0000000700c00000, 0x0000000700d00000|  0%| F|  |TAMS 0x0000000700c00000, 0x0000000700c00000| Untracked 
|  13|0x0000000700d00000, 0x0000000700d00000, 0x0000000700e00000|  0%| F|  |TAMS 0x0000000700d00000, 0x0000000700d00000| Untracked 
|  14|0x0000000700e00000, 0x0000000700e00000, 0x0000000700f00000|  0%| F|  |TAMS 0x0000000700e00000, 0x0000000700e00000| Untracked 
|  15|0x0000000700f00000, 0x0000000700f00000, 0x0000000701000000|  0%| F|  |TAMS 0x0000000700f00000, 0x0000000700f00000| Untracked 
|  16|0x0000000701000000, 0x0000000701000000, 0x0000000701100000|  0%| F|  |TAMS 0x0000000701000000, 0x0000000701000000| Untracked 
|  17|0x0000000701100000, 0x0000000701100000, 0x0000000701200000|  0%| F|  |TAMS 0x0000000701100000, 0x0000000701100000| Untracked 
|  18|0x0000000701200000, 0x0000000701200000, 0x0000000701300000|  0%| F|  |TAMS 0x0000000701200000, 0x0000000701200000| Untracked 
|  19|0x0000000701300000, 0x0000000701300000, 0x0000000701400000|  0%| F|  |TAMS 0x0000000701300000, 0x0000000701300000| Untracked 
|  20|0x0000000701400000, 0x0000000701400000, 0x0000000701500000|  0%| F|  |TAMS 0x0000000701400000, 0x0000000701400000| Untracked 
|  21|0x0000000701500000, 0x0000000701500000, 0x0000000701600000|  0%| F|  |TAMS 0x0000000701500000, 0x0000000701500000| Untracked 
|  22|0x0000000701600000, 0x0000000701600000, 0x0000000701700000|  0%| F|  |TAMS 0x0000000701600000, 0x0000000701600000| Untracked 
|  23|0x0000000701700000, 0x0000000701700000, 0x0000000701800000|  0%| F|  |TAMS 0x0000000701700000, 0x0000000701700000| Untracked 
|  24|0x0000000701800000, 0x0000000701800000, 0x0000000701900000|  0%| F|  |TAMS 0x0000000701800000, 0x0000000701800000| Untracked 
|  25|0x0000000701900000, 0x0000000701900000, 0x0000000701a00000|  0%| F|  |TAMS 0x0000000701900000, 0x0000000701900000| Untracked 
|  26|0x0000000701a00000, 0x0000000701a00000, 0x0000000701b00000|  0%| F|  |TAMS 0x0000000701a00000, 0x0000000701a00000| Untracked 
|  27|0x0000000701b00000, 0x0000000701b00000, 0x0000000701c00000|  0%| F|  |TAMS 0x0000000701b00000, 0x0000000701b00000| Untracked 
|  28|0x0000000701c00000, 0x0000000701c00000, 0x0000000701d00000|  0%| F|  |TAMS 0x0000000701c00000, 0x0000000701c00000| Untracked 
|  29|0x0000000701d00000, 0x0000000701d00000, 0x0000000701e00000|  0%| F|  |TAMS 0x0000000701d00000, 0x0000000701d00000| Untracked 
|  30|0x0000000701e00000, 0x0000000701e00000, 0x0000000701f00000|  0%| F|  |TAMS 0x0000000701e00000, 0x0000000701e00000| Untracked 
|  31|0x0000000701f00000, 0x0000000701f00000, 0x0000000702000000|  0%| F|  |TAMS 0x0000000701f00000, 0x0000000701f00000| Untracked 
|  32|0x0000000702000000, 0x0000000702000000, 0x0000000702100000|  0%| F|  |TAMS 0x0000000702000000, 0x0000000702000000| Untracked 
|  33|0x0000000702100000, 0x0000000702100000, 0x0000000702200000|  0%| F|  |TAMS 0x0000000702100000, 0x0000000702100000| Untracked 
|  34|0x0000000702200000, 0x0000000702200000, 0x0000000702300000|  0%| F|  |TAMS 0x0000000702200000, 0x0000000702200000| Untracked 
|  35|0x0000000702300000, 0x0000000702300000, 0x0000000702400000|  0%| F|  |TAMS 0x0000000702300000, 0x0000000702300000| Untracked 
|  36|0x0000000702400000, 0x0000000702400000, 0x0000000702500000|  0%| F|  |TAMS 0x0000000702400000, 0x0000000702400000| Untracked 
|  37|0x0000000702500000, 0x0000000702500000, 0x0000000702600000|  0%| F|  |TAMS 0x0000000702500000, 0x0000000702500000| Untracked 
|  38|0x0000000702600000, 0x0000000702600000, 0x0000000702700000|  0%| F|  |TAMS 0x0000000702600000, 0x0000000702600000| Untracked 
|  39|0x0000000702700000, 0x0000000702700000, 0x0000000702800000|  0%| F|  |TAMS 0x0000000702700000, 0x0000000702700000| Untracked 
|  40|0x0000000702800000, 0x0000000702800000, 0x0000000702900000|  0%| F|  |TAMS 0x0000000702800000, 0x0000000702800000| Untracked 
|  41|0x0000000702900000, 0x0000000702900000, 0x0000000702a00000|  0%| F|  |TAMS 0x0000000702900000, 0x0000000702900000| Untracked 
|  42|0x0000000702a00000, 0x0000000702a00000, 0x0000000702b00000|  0%| F|  |TAMS 0x0000000702a00000, 0x0000000702a00000| Untracked 
|  43|0x0000000702b00000, 0x0000000702b00000, 0x0000000702c00000|  0%| F|  |TAMS 0x0000000702b00000, 0x0000000702b00000| Untracked 
|  44|0x0000000702c00000, 0x0000000702c00000, 0x0000000702d00000|  0%| F|  |TAMS 0x0000000702c00000, 0x0000000702c00000| Untracked 
|  45|0x0000000702d00000, 0x0000000702d00000, 0x0000000702e00000|  0%| F|  |TAMS 0x0000000702d00000, 0x0000000702d00000| Untracked 
|  46|0x0000000702e00000, 0x0000000702e00000, 0x0000000702f00000|  0%| F|  |TAMS 0x0000000702e00000, 0x0000000702e00000| Untracked 
|  47|0x0000000702f00000, 0x0000000702f00000, 0x0000000703000000|  0%| F|  |TAMS 0x0000000702f00000, 0x0000000702f00000| Untracked 
|  48|0x0000000703000000, 0x0000000703000000, 0x0000000703100000|  0%| F|  |TAMS 0x0000000703000000, 0x0000000703000000| Untracked 
|  49|0x0000000703100000, 0x0000000703100000, 0x0000000703200000|  0%| F|  |TAMS 0x0000000703100000, 0x0000000703100000| Untracked 
|  50|0x0000000703200000, 0x0000000703200000, 0x0000000703300000|  0%| F|  |TAMS 0x0000000703200000, 0x0000000703200000| Untracked 
|  51|0x0000000703300000, 0x0000000703300000, 0x0000000703400000|  0%| F|  |TAMS 0x0000000703300000, 0x0000000703300000| Untracked 
|  52|0x0000000703400000, 0x0000000703400000, 0x0000000703500000|  0%| F|  |TAMS 0x0000000703400000, 0x0000000703400000| Untracked 
|  53|0x0000000703500000, 0x0000000703500000, 0x0000000703600000|  0%| F|  |TAMS 0x0000000703500000, 0x0000000703500000| Untracked 
|  54|0x0000000703600000, 0x0000000703600000, 0x0000000703700000|  0%| F|  |TAMS 0x0000000703600000, 0x0000000703600000| Untracked 
|  55|0x0000000703700000, 0x0000000703700000, 0x0000000703800000|  0%| F|  |TAMS 0x0000000703700000, 0x0000000703700000| Untracked 
|  56|0x0000000703800000, 0x0000000703800000, 0x0000000703900000|  0%| F|  |TAMS 0x0000000703800000, 0x0000000703800000| Untracked 
|  57|0x0000000703900000, 0x0000000703900000, 0x0000000703a00000|  0%| F|  |TAMS 0x0000000703900000, 0x0000000703900000| Untracked 
|  58|0x0000000703a00000, 0x0000000703a00000, 0x0000000703b00000|  0%| F|  |TAMS 0x0000000703a00000, 0x0000000703a00000| Untracked 
|  59|0x0000000703b00000, 0x0000000703b00000, 0x0000000703c00000|  0%| F|  |TAMS 0x0000000703b00000, 0x0000000703b00000| Untracked 
|  60|0x0000000703c00000, 0x0000000703c00000, 0x0000000703d00000|  0%| F|  |TAMS 0x0000000703c00000, 0x0000000703c00000| Untracked 
|  61|0x0000000703d00000, 0x0000000703d00000, 0x0000000703e00000|  0%| F|  |TAMS 0x0000000703d00000, 0x0000000703d00000| Untracked 
|  62|0x0000000703e00000, 0x0000000703e00000, 0x0000000703f00000|  0%| F|  |TAMS 0x0000000703e00000, 0x0000000703e00000| Untracked 
|  63|0x0000000703f00000, 0x0000000703f00000, 0x0000000704000000|  0%| F|  |TAMS 0x0000000703f00000, 0x0000000703f00000| Untracked 
|  64|0x0000000704000000, 0x0000000704000000, 0x0000000704100000|  0%| F|  |TAMS 0x0000000704000000, 0x0000000704000000| Untracked 
|  65|0x0000000704100000, 0x0000000704100000, 0x0000000704200000|  0%| F|  |TAMS 0x0000000704100000, 0x0000000704100000| Untracked 
|  66|0x0000000704200000, 0x0000000704200000, 0x0000000704300000|  0%| F|  |TAMS 0x0000000704200000, 0x0000000704200000| Untracked 
|  67|0x0000000704300000, 0x0000000704300000, 0x0000000704400000|  0%| F|  |TAMS 0x0000000704300000, 0x0000000704300000| Untracked 
|  68|0x0000000704400000, 0x0000000704400000, 0x0000000704500000|  0%| F|  |TAMS 0x0000000704400000, 0x0000000704400000| Untracked 
|  69|0x0000000704500000, 0x0000000704500000, 0x0000000704600000|  0%| F|  |TAMS 0x0000000704500000, 0x0000000704500000| Untracked 
|  70|0x0000000704600000, 0x0000000704600000, 0x0000000704700000|  0%| F|  |TAMS 0x0000000704600000, 0x0000000704600000| Untracked 
|  71|0x0000000704700000, 0x0000000704700000, 0x0000000704800000|  0%| F|  |TAMS 0x0000000704700000, 0x0000000704700000| Untracked 
|  72|0x0000000704800000, 0x0000000704800000, 0x0000000704900000|  0%| F|  |TAMS 0x0000000704800000, 0x0000000704800000| Untracked 
|  73|0x0000000704900000, 0x0000000704900000, 0x0000000704a00000|  0%| F|  |TAMS 0x0000000704900000, 0x0000000704900000| Untracked 
|  74|0x0000000704a00000, 0x0000000704a00000, 0x0000000704b00000|  0%| F|  |TAMS 0x0000000704a00000, 0x0000000704a00000| Untracked 
|  75|0x0000000704b00000, 0x0000000704b00000, 0x0000000704c00000|  0%| F|  |TAMS 0x0000000704b00000, 0x0000000704b00000| Untracked 
|  76|0x0000000704c00000, 0x0000000704c00000, 0x0000000704d00000|  0%| F|  |TAMS 0x0000000704c00000, 0x0000000704c00000| Untracked 
|  77|0x0000000704d00000, 0x0000000704d00000, 0x0000000704e00000|  0%| F|  |TAMS 0x0000000704d00000, 0x0000000704d00000| Untracked 
|  78|0x0000000704e00000, 0x0000000704e00000, 0x0000000704f00000|  0%| F|  |TAMS 0x0000000704e00000, 0x0000000704e00000| Untracked 
|  79|0x0000000704f00000, 0x0000000704f00000, 0x0000000705000000|  0%| F|  |TAMS 0x0000000704f00000, 0x0000000704f00000| Untracked 
|  80|0x0000000705000000, 0x0000000705000000, 0x0000000705100000|  0%| F|  |TAMS 0x0000000705000000, 0x0000000705000000| Untracked 
|  81|0x0000000705100000, 0x0000000705100000, 0x0000000705200000|  0%| F|  |TAMS 0x0000000705100000, 0x0000000705100000| Untracked 
|  82|0x0000000705200000, 0x0000000705200000, 0x0000000705300000|  0%| F|  |TAMS 0x0000000705200000, 0x0000000705200000| Untracked 
|  83|0x0000000705300000, 0x0000000705300000, 0x0000000705400000|  0%| F|  |TAMS 0x0000000705300000, 0x0000000705300000| Untracked 
|  84|0x0000000705400000, 0x0000000705400000, 0x0000000705500000|  0%| F|  |TAMS 0x0000000705400000, 0x0000000705400000| Untracked 
|  85|0x0000000705500000, 0x0000000705500000, 0x0000000705600000|  0%| F|  |TAMS 0x0000000705500000, 0x0000000705500000| Untracked 
|  86|0x0000000705600000, 0x0000000705600000, 0x0000000705700000|  0%| F|  |TAMS 0x0000000705600000, 0x0000000705600000| Untracked 
|  87|0x0000000705700000, 0x0000000705700000, 0x0000000705800000|  0%| F|  |TAMS 0x0000000705700000, 0x0000000705700000| Untracked 
|  88|0x0000000705800000, 0x0000000705800000, 0x0000000705900000|  0%| F|  |TAMS 0x0000000705800000, 0x0000000705800000| Untracked 
|  89|0x0000000705900000, 0x0000000705900000, 0x0000000705a00000|  0%| F|  |TAMS 0x0000000705900000, 0x0000000705900000| Untracked 
|  90|0x0000000705a00000, 0x0000000705a00000, 0x0000000705b00000|  0%| F|  |TAMS 0x0000000705a00000, 0x0000000705a00000| Untracked 
|  91|0x0000000705b00000, 0x0000000705b00000, 0x0000000705c00000|  0%| F|  |TAMS 0x0000000705b00000, 0x0000000705b00000| Untracked 
|  92|0x0000000705c00000, 0x0000000705c00000, 0x0000000705d00000|  0%| F|  |TAMS 0x0000000705c00000, 0x0000000705c00000| Untracked 
|  93|0x0000000705d00000, 0x0000000705d00000, 0x0000000705e00000|  0%| F|  |TAMS 0x0000000705d00000, 0x0000000705d00000| Untracked 
|  94|0x0000000705e00000, 0x0000000705e00000, 0x0000000705f00000|  0%| F|  |TAMS 0x0000000705e00000, 0x0000000705e00000| Untracked 
|  95|0x0000000705f00000, 0x0000000705f00000, 0x0000000706000000|  0%| F|  |TAMS 0x0000000705f00000, 0x0000000705f00000| Untracked 
|  96|0x0000000706000000, 0x0000000706000000, 0x0000000706100000|  0%| F|  |TAMS 0x0000000706000000, 0x0000000706000000| Untracked 
|  97|0x0000000706100000, 0x0000000706100000, 0x0000000706200000|  0%| F|  |TAMS 0x0000000706100000, 0x0000000706100000| Untracked 
|  98|0x0000000706200000, 0x0000000706200000, 0x0000000706300000|  0%| F|  |TAMS 0x0000000706200000, 0x0000000706200000| Untracked 
|  99|0x0000000706300000, 0x0000000706300000, 0x0000000706400000|  0%| F|  |TAMS 0x0000000706300000, 0x0000000706300000| Untracked 
| 100|0x0000000706400000, 0x000000070644c310, 0x0000000706500000| 29%| S|CS|TAMS 0x0000000706400000, 0x0000000706400000| Complete 
| 101|0x0000000706500000, 0x0000000706600000, 0x0000000706600000|100%| S|CS|TAMS 0x0000000706500000, 0x0000000706500000| Complete 
| 102|0x0000000706600000, 0x0000000706600000, 0x0000000706700000|  0%| F|  |TAMS 0x0000000706600000, 0x0000000706600000| Untracked 
| 103|0x0000000706700000, 0x0000000706700000, 0x0000000706800000|  0%| F|  |TAMS 0x0000000706700000, 0x0000000706700000| Untracked 
| 104|0x0000000706800000, 0x0000000706900000, 0x0000000706900000|100%| S|CS|TAMS 0x0000000706800000, 0x0000000706800000| Complete 
| 105|0x0000000706900000, 0x0000000706900000, 0x0000000706a00000|  0%| F|  |TAMS 0x0000000706900000, 0x0000000706900000| Untracked 
| 106|0x0000000706a00000, 0x0000000706a00000, 0x0000000706b00000|  0%| F|  |TAMS 0x0000000706a00000, 0x0000000706a00000| Untracked 
| 107|0x0000000706b00000, 0x0000000706b00000, 0x0000000706c00000|  0%| F|  |TAMS 0x0000000706b00000, 0x0000000706b00000| Untracked 
| 108|0x0000000706c00000, 0x0000000706c00000, 0x0000000706d00000|  0%| F|  |TAMS 0x0000000706c00000, 0x0000000706c00000| Untracked 
| 109|0x0000000706d00000, 0x0000000706d00000, 0x0000000706e00000|  0%| F|  |TAMS 0x0000000706d00000, 0x0000000706d00000| Untracked 
| 110|0x0000000706e00000, 0x0000000706e00000, 0x0000000706f00000|  0%| F|  |TAMS 0x0000000706e00000, 0x0000000706e00000| Untracked 
| 111|0x0000000706f00000, 0x0000000706f00000, 0x0000000707000000|  0%| F|  |TAMS 0x0000000706f00000, 0x0000000706f00000| Untracked 
| 112|0x0000000707000000, 0x0000000707000000, 0x0000000707100000|  0%| F|  |TAMS 0x0000000707000000, 0x0000000707000000| Untracked 
| 113|0x0000000707100000, 0x0000000707100000, 0x0000000707200000|  0%| F|  |TAMS 0x0000000707100000, 0x0000000707100000| Untracked 
| 114|0x0000000707200000, 0x0000000707200000, 0x0000000707300000|  0%| F|  |TAMS 0x0000000707200000, 0x0000000707200000| Untracked 
| 115|0x0000000707300000, 0x0000000707300000, 0x0000000707400000|  0%| F|  |TAMS 0x0000000707300000, 0x0000000707300000| Untracked 
| 116|0x0000000707400000, 0x0000000707400000, 0x0000000707500000|  0%| F|  |TAMS 0x0000000707400000, 0x0000000707400000| Untracked 
| 117|0x0000000707500000, 0x0000000707500000, 0x0000000707600000|  0%| F|  |TAMS 0x0000000707500000, 0x0000000707500000| Untracked 
| 118|0x0000000707600000, 0x0000000707600000, 0x0000000707700000|  0%| F|  |TAMS 0x0000000707600000, 0x0000000707600000| Untracked 
| 119|0x0000000707700000, 0x0000000707700000, 0x0000000707800000|  0%| F|  |TAMS 0x0000000707700000, 0x0000000707700000| Untracked 
| 120|0x0000000707800000, 0x0000000707800000, 0x0000000707900000|  0%| F|  |TAMS 0x0000000707800000, 0x0000000707800000| Untracked 
| 121|0x0000000707900000, 0x0000000707900000, 0x0000000707a00000|  0%| F|  |TAMS 0x0000000707900000, 0x0000000707900000| Untracked 
| 122|0x0000000707a00000, 0x0000000707a00000, 0x0000000707b00000|  0%| F|  |TAMS 0x0000000707a00000, 0x0000000707a00000| Untracked 
| 123|0x0000000707b00000, 0x0000000707b00000, 0x0000000707c00000|  0%| F|  |TAMS 0x0000000707b00000, 0x0000000707b00000| Untracked 
| 124|0x0000000707c00000, 0x0000000707c00000, 0x0000000707d00000|  0%| F|  |TAMS 0x0000000707c00000, 0x0000000707c00000| Untracked 
| 125|0x0000000707d00000, 0x0000000707d00000, 0x0000000707e00000|  0%| F|  |TAMS 0x0000000707d00000, 0x0000000707d00000| Untracked 
| 126|0x0000000707e00000, 0x0000000707e00000, 0x0000000707f00000|  0%| F|  |TAMS 0x0000000707e00000, 0x0000000707e00000| Untracked 
| 127|0x0000000707f00000, 0x0000000707f00000, 0x0000000708000000|  0%| F|  |TAMS 0x0000000707f00000, 0x0000000707f00000| Untracked 
| 128|0x0000000708000000, 0x0000000708000000, 0x0000000708100000|  0%| F|  |TAMS 0x0000000708000000, 0x0000000708000000| Untracked 
| 129|0x0000000708100000, 0x0000000708100000, 0x0000000708200000|  0%| F|  |TAMS 0x0000000708100000, 0x0000000708100000| Untracked 
| 130|0x0000000708200000, 0x0000000708200000, 0x0000000708300000|  0%| F|  |TAMS 0x0000000708200000, 0x0000000708200000| Untracked 
| 131|0x0000000708300000, 0x0000000708300000, 0x0000000708400000|  0%| F|  |TAMS 0x0000000708300000, 0x0000000708300000| Untracked 
| 132|0x0000000708400000, 0x0000000708400000, 0x0000000708500000|  0%| F|  |TAMS 0x0000000708400000, 0x0000000708400000| Untracked 
| 133|0x0000000708500000, 0x0000000708500000, 0x0000000708600000|  0%| F|  |TAMS 0x0000000708500000, 0x0000000708500000| Untracked 
| 134|0x0000000708600000, 0x0000000708600000, 0x0000000708700000|  0%| F|  |TAMS 0x0000000708600000, 0x0000000708600000| Untracked 
| 135|0x0000000708700000, 0x0000000708700000, 0x0000000708800000|  0%| F|  |TAMS 0x0000000708700000, 0x0000000708700000| Untracked 
| 136|0x0000000708800000, 0x0000000708800000, 0x0000000708900000|  0%| F|  |TAMS 0x0000000708800000, 0x0000000708800000| Untracked 
| 137|0x0000000708900000, 0x0000000708900000, 0x0000000708a00000|  0%| F|  |TAMS 0x0000000708900000, 0x0000000708900000| Untracked 
| 138|0x0000000708a00000, 0x0000000708a00000, 0x0000000708b00000|  0%| F|  |TAMS 0x0000000708a00000, 0x0000000708a00000| Untracked 
| 139|0x0000000708b00000, 0x0000000708b00000, 0x0000000708c00000|  0%| F|  |TAMS 0x0000000708b00000, 0x0000000708b00000| Untracked 
| 140|0x0000000708c00000, 0x0000000708c00000, 0x0000000708d00000|  0%| F|  |TAMS 0x0000000708c00000, 0x0000000708c00000| Untracked 
| 141|0x0000000708d00000, 0x0000000708d00000, 0x0000000708e00000|  0%| F|  |TAMS 0x0000000708d00000, 0x0000000708d00000| Untracked 
| 142|0x0000000708e00000, 0x0000000708e00000, 0x0000000708f00000|  0%| F|  |TAMS 0x0000000708e00000, 0x0000000708e00000| Untracked 
| 143|0x0000000708f00000, 0x0000000708f00000, 0x0000000709000000|  0%| F|  |TAMS 0x0000000708f00000, 0x0000000708f00000| Untracked 
| 144|0x0000000709000000, 0x0000000709000000, 0x0000000709100000|  0%| F|  |TAMS 0x0000000709000000, 0x0000000709000000| Untracked 
| 145|0x0000000709100000, 0x0000000709100000, 0x0000000709200000|  0%| F|  |TAMS 0x0000000709100000, 0x0000000709100000| Untracked 
| 146|0x0000000709200000, 0x0000000709200000, 0x0000000709300000|  0%| F|  |TAMS 0x0000000709200000, 0x0000000709200000| Untracked 
| 147|0x0000000709300000, 0x0000000709300000, 0x0000000709400000|  0%| F|  |TAMS 0x0000000709300000, 0x0000000709300000| Untracked 
| 148|0x0000000709400000, 0x0000000709400000, 0x0000000709500000|  0%| F|  |TAMS 0x0000000709400000, 0x0000000709400000| Untracked 
| 149|0x0000000709500000, 0x0000000709500000, 0x0000000709600000|  0%| F|  |TAMS 0x0000000709500000, 0x0000000709500000| Untracked 
| 150|0x0000000709600000, 0x0000000709600000, 0x0000000709700000|  0%| F|  |TAMS 0x0000000709600000, 0x0000000709600000| Untracked 
| 151|0x0000000709700000, 0x0000000709700000, 0x0000000709800000|  0%| F|  |TAMS 0x0000000709700000, 0x0000000709700000| Untracked 
| 152|0x0000000709800000, 0x0000000709800000, 0x0000000709900000|  0%| F|  |TAMS 0x0000000709800000, 0x0000000709800000| Untracked 
| 153|0x0000000709900000, 0x0000000709900000, 0x0000000709a00000|  0%| F|  |TAMS 0x0000000709900000, 0x0000000709900000| Untracked 
| 154|0x0000000709a00000, 0x0000000709a00000, 0x0000000709b00000|  0%| F|  |TAMS 0x0000000709a00000, 0x0000000709a00000| Untracked 
| 155|0x0000000709b00000, 0x0000000709b00000, 0x0000000709c00000|  0%| F|  |TAMS 0x0000000709b00000, 0x0000000709b00000| Untracked 
| 156|0x0000000709c00000, 0x0000000709c00000, 0x0000000709d00000|  0%| F|  |TAMS 0x0000000709c00000, 0x0000000709c00000| Untracked 
| 157|0x0000000709d00000, 0x0000000709d00000, 0x0000000709e00000|  0%| F|  |TAMS 0x0000000709d00000, 0x0000000709d00000| Untracked 
| 158|0x0000000709e00000, 0x0000000709e00000, 0x0000000709f00000|  0%| F|  |TAMS 0x0000000709e00000, 0x0000000709e00000| Untracked 
| 159|0x0000000709f00000, 0x0000000709f00000, 0x000000070a000000|  0%| F|  |TAMS 0x0000000709f00000, 0x0000000709f00000| Untracked 
| 160|0x000000070a000000, 0x000000070a000000, 0x000000070a100000|  0%| F|  |TAMS 0x000000070a000000, 0x000000070a000000| Untracked 
| 161|0x000000070a100000, 0x000000070a100000, 0x000000070a200000|  0%| F|  |TAMS 0x000000070a100000, 0x000000070a100000| Untracked 
| 162|0x000000070a200000, 0x000000070a200000, 0x000000070a300000|  0%| F|  |TAMS 0x000000070a200000, 0x000000070a200000| Untracked 
| 163|0x000000070a300000, 0x000000070a300000, 0x000000070a400000|  0%| F|  |TAMS 0x000000070a300000, 0x000000070a300000| Untracked 
| 164|0x000000070a400000, 0x000000070a400000, 0x000000070a500000|  0%| F|  |TAMS 0x000000070a400000, 0x000000070a400000| Untracked 
| 165|0x000000070a500000, 0x000000070a500000, 0x000000070a600000|  0%| F|  |TAMS 0x000000070a500000, 0x000000070a500000| Untracked 
| 166|0x000000070a600000, 0x000000070a600000, 0x000000070a700000|  0%| F|  |TAMS 0x000000070a600000, 0x000000070a600000| Untracked 
| 167|0x000000070a700000, 0x000000070a700000, 0x000000070a800000|  0%| F|  |TAMS 0x000000070a700000, 0x000000070a700000| Untracked 
| 168|0x000000070a800000, 0x000000070a800000, 0x000000070a900000|  0%| F|  |TAMS 0x000000070a800000, 0x000000070a800000| Untracked 
| 169|0x000000070a900000, 0x000000070a900000, 0x000000070aa00000|  0%| F|  |TAMS 0x000000070a900000, 0x000000070a900000| Untracked 
| 170|0x000000070aa00000, 0x000000070aa00000, 0x000000070ab00000|  0%| F|  |TAMS 0x000000070aa00000, 0x000000070aa00000| Untracked 
| 171|0x000000070ab00000, 0x000000070ab00000, 0x000000070ac00000|  0%| F|  |TAMS 0x000000070ab00000, 0x000000070ab00000| Untracked 
| 172|0x000000070ac00000, 0x000000070ac00000, 0x000000070ad00000|  0%| F|  |TAMS 0x000000070ac00000, 0x000000070ac00000| Untracked 
| 173|0x000000070ad00000, 0x000000070ad00000, 0x000000070ae00000|  0%| F|  |TAMS 0x000000070ad00000, 0x000000070ad00000| Untracked 
| 174|0x000000070ae00000, 0x000000070ae00000, 0x000000070af00000|  0%| F|  |TAMS 0x000000070ae00000, 0x000000070ae00000| Untracked 
| 175|0x000000070af00000, 0x000000070af00000, 0x000000070b000000|  0%| F|  |TAMS 0x000000070af00000, 0x000000070af00000| Untracked 
| 176|0x000000070b000000, 0x000000070b000000, 0x000000070b100000|  0%| F|  |TAMS 0x000000070b000000, 0x000000070b000000| Untracked 
| 177|0x000000070b100000, 0x000000070b100000, 0x000000070b200000|  0%| F|  |TAMS 0x000000070b100000, 0x000000070b100000| Untracked 
| 178|0x000000070b200000, 0x000000070b200000, 0x000000070b300000|  0%| F|  |TAMS 0x000000070b200000, 0x000000070b200000| Untracked 
| 179|0x000000070b300000, 0x000000070b300000, 0x000000070b400000|  0%| F|  |TAMS 0x000000070b300000, 0x000000070b300000| Untracked 
| 180|0x000000070b400000, 0x000000070b400000, 0x000000070b500000|  0%| F|  |TAMS 0x000000070b400000, 0x000000070b400000| Untracked 
| 181|0x000000070b500000, 0x000000070b500000, 0x000000070b600000|  0%| F|  |TAMS 0x000000070b500000, 0x000000070b500000| Untracked 
| 182|0x000000070b600000, 0x000000070b600000, 0x000000070b700000|  0%| F|  |TAMS 0x000000070b600000, 0x000000070b600000| Untracked 
| 183|0x000000070b700000, 0x000000070b700000, 0x000000070b800000|  0%| F|  |TAMS 0x000000070b700000, 0x000000070b700000| Untracked 
| 184|0x000000070b800000, 0x000000070b800000, 0x000000070b900000|  0%| F|  |TAMS 0x000000070b800000, 0x000000070b800000| Untracked 
| 185|0x000000070b900000, 0x000000070b900000, 0x000000070ba00000|  0%| F|  |TAMS 0x000000070b900000, 0x000000070b900000| Untracked 
| 186|0x000000070ba00000, 0x000000070ba00000, 0x000000070bb00000|  0%| F|  |TAMS 0x000000070ba00000, 0x000000070ba00000| Untracked 
| 187|0x000000070bb00000, 0x000000070bb00000, 0x000000070bc00000|  0%| F|  |TAMS 0x000000070bb00000, 0x000000070bb00000| Untracked 
| 188|0x000000070bc00000, 0x000000070bc00000, 0x000000070bd00000|  0%| F|  |TAMS 0x000000070bc00000, 0x000000070bc00000| Untracked 
| 189|0x000000070bd00000, 0x000000070bd00000, 0x000000070be00000|  0%| F|  |TAMS 0x000000070bd00000, 0x000000070bd00000| Untracked 
| 190|0x000000070be00000, 0x000000070be00000, 0x000000070bf00000|  0%| F|  |TAMS 0x000000070be00000, 0x000000070be00000| Untracked 
| 191|0x000000070bf00000, 0x000000070bf00000, 0x000000070c000000|  0%| F|  |TAMS 0x000000070bf00000, 0x000000070bf00000| Untracked 
| 192|0x000000070c000000, 0x000000070c000000, 0x000000070c100000|  0%| F|  |TAMS 0x000000070c000000, 0x000000070c000000| Untracked 
| 193|0x000000070c100000, 0x000000070c100000, 0x000000070c200000|  0%| F|  |TAMS 0x000000070c100000, 0x000000070c100000| Untracked 
| 194|0x000000070c200000, 0x000000070c200000, 0x000000070c300000|  0%| F|  |TAMS 0x000000070c200000, 0x000000070c200000| Untracked 
| 195|0x000000070c300000, 0x000000070c300000, 0x000000070c400000|  0%| F|  |TAMS 0x000000070c300000, 0x000000070c300000| Untracked 
| 196|0x000000070c400000, 0x000000070c400000, 0x000000070c500000|  0%| F|  |TAMS 0x000000070c400000, 0x000000070c400000| Untracked 
| 197|0x000000070c500000, 0x000000070c500000, 0x000000070c600000|  0%| F|  |TAMS 0x000000070c500000, 0x000000070c500000| Untracked 
| 198|0x000000070c600000, 0x000000070c600000, 0x000000070c700000|  0%| F|  |TAMS 0x000000070c600000, 0x000000070c600000| Untracked 
| 199|0x000000070c700000, 0x000000070c700000, 0x000000070c800000|  0%| F|  |TAMS 0x000000070c700000, 0x000000070c700000| Untracked 
| 200|0x000000070c800000, 0x000000070c800000, 0x000000070c900000|  0%| F|  |TAMS 0x000000070c800000, 0x000000070c800000| Untracked 
| 201|0x000000070c900000, 0x000000070c900000, 0x000000070ca00000|  0%| F|  |TAMS 0x000000070c900000, 0x000000070c900000| Untracked 
| 202|0x000000070ca00000, 0x000000070ca00000, 0x000000070cb00000|  0%| F|  |TAMS 0x000000070ca00000, 0x000000070ca00000| Untracked 
| 203|0x000000070cb00000, 0x000000070cb00000, 0x000000070cc00000|  0%| F|  |TAMS 0x000000070cb00000, 0x000000070cb00000| Untracked 
| 204|0x000000070cc00000, 0x000000070cc00000, 0x000000070cd00000|  0%| F|  |TAMS 0x000000070cc00000, 0x000000070cc00000| Untracked 
| 205|0x000000070cd00000, 0x000000070cd00000, 0x000000070ce00000|  0%| F|  |TAMS 0x000000070cd00000, 0x000000070cd00000| Untracked 
| 206|0x000000070ce00000, 0x000000070ce00000, 0x000000070cf00000|  0%| F|  |TAMS 0x000000070ce00000, 0x000000070ce00000| Untracked 
| 207|0x000000070cf00000, 0x000000070cf00000, 0x000000070d000000|  0%| F|  |TAMS 0x000000070cf00000, 0x000000070cf00000| Untracked 
| 208|0x000000070d000000, 0x000000070d000000, 0x000000070d100000|  0%| F|  |TAMS 0x000000070d000000, 0x000000070d000000| Untracked 
| 209|0x000000070d100000, 0x000000070d100000, 0x000000070d200000|  0%| F|  |TAMS 0x000000070d100000, 0x000000070d100000| Untracked 
| 210|0x000000070d200000, 0x000000070d200000, 0x000000070d300000|  0%| F|  |TAMS 0x000000070d200000, 0x000000070d200000| Untracked 
| 211|0x000000070d300000, 0x000000070d300000, 0x000000070d400000|  0%| F|  |TAMS 0x000000070d300000, 0x000000070d300000| Untracked 
| 212|0x000000070d400000, 0x000000070d400000, 0x000000070d500000|  0%| F|  |TAMS 0x000000070d400000, 0x000000070d400000| Untracked 
| 213|0x000000070d500000, 0x000000070d500000, 0x000000070d600000|  0%| F|  |TAMS 0x000000070d500000, 0x000000070d500000| Untracked 
| 214|0x000000070d600000, 0x000000070d600000, 0x000000070d700000|  0%| F|  |TAMS 0x000000070d600000, 0x000000070d600000| Untracked 
| 215|0x000000070d700000, 0x000000070d700000, 0x000000070d800000|  0%| F|  |TAMS 0x000000070d700000, 0x000000070d700000| Untracked 
| 216|0x000000070d800000, 0x000000070d800000, 0x000000070d900000|  0%| F|  |TAMS 0x000000070d800000, 0x000000070d800000| Untracked 
| 217|0x000000070d900000, 0x000000070d900000, 0x000000070da00000|  0%| F|  |TAMS 0x000000070d900000, 0x000000070d900000| Untracked 
| 218|0x000000070da00000, 0x000000070da00000, 0x000000070db00000|  0%| F|  |TAMS 0x000000070da00000, 0x000000070da00000| Untracked 
| 219|0x000000070db00000, 0x000000070db00000, 0x000000070dc00000|  0%| F|  |TAMS 0x000000070db00000, 0x000000070db00000| Untracked 
| 220|0x000000070dc00000, 0x000000070dc00000, 0x000000070dd00000|  0%| F|  |TAMS 0x000000070dc00000, 0x000000070dc00000| Untracked 
| 221|0x000000070dd00000, 0x000000070dd00000, 0x000000070de00000|  0%| F|  |TAMS 0x000000070dd00000, 0x000000070dd00000| Untracked 
| 222|0x000000070de00000, 0x000000070de00000, 0x000000070df00000|  0%| F|  |TAMS 0x000000070de00000, 0x000000070de00000| Untracked 
| 223|0x000000070df00000, 0x000000070df00000, 0x000000070e000000|  0%| F|  |TAMS 0x000000070df00000, 0x000000070df00000| Untracked 
| 224|0x000000070e000000, 0x000000070e000000, 0x000000070e100000|  0%| F|  |TAMS 0x000000070e000000, 0x000000070e000000| Untracked 
| 225|0x000000070e100000, 0x000000070e100000, 0x000000070e200000|  0%| F|  |TAMS 0x000000070e100000, 0x000000070e100000| Untracked 
| 226|0x000000070e200000, 0x000000070e200000, 0x000000070e300000|  0%| F|  |TAMS 0x000000070e200000, 0x000000070e200000| Untracked 
| 227|0x000000070e300000, 0x000000070e300000, 0x000000070e400000|  0%| F|  |TAMS 0x000000070e300000, 0x000000070e300000| Untracked 
| 228|0x000000070e400000, 0x000000070e400000, 0x000000070e500000|  0%| F|  |TAMS 0x000000070e400000, 0x000000070e400000| Untracked 
| 229|0x000000070e500000, 0x000000070e500000, 0x000000070e600000|  0%| F|  |TAMS 0x000000070e500000, 0x000000070e500000| Untracked 
| 230|0x000000070e600000, 0x000000070e600000, 0x000000070e700000|  0%| F|  |TAMS 0x000000070e600000, 0x000000070e600000| Untracked 
| 231|0x000000070e700000, 0x000000070e700000, 0x000000070e800000|  0%| F|  |TAMS 0x000000070e700000, 0x000000070e700000| Untracked 
| 232|0x000000070e800000, 0x000000070e800000, 0x000000070e900000|  0%| F|  |TAMS 0x000000070e800000, 0x000000070e800000| Untracked 
| 233|0x000000070e900000, 0x000000070e900000, 0x000000070ea00000|  0%| F|  |TAMS 0x000000070e900000, 0x000000070e900000| Untracked 
| 234|0x000000070ea00000, 0x000000070ea00000, 0x000000070eb00000|  0%| F|  |TAMS 0x000000070ea00000, 0x000000070ea00000| Untracked 
| 235|0x000000070eb00000, 0x000000070eb00000, 0x000000070ec00000|  0%| F|  |TAMS 0x000000070eb00000, 0x000000070eb00000| Untracked 
| 236|0x000000070ec00000, 0x000000070ec00000, 0x000000070ed00000|  0%| F|  |TAMS 0x000000070ec00000, 0x000000070ec00000| Untracked 
| 237|0x000000070ed00000, 0x000000070ed00000, 0x000000070ee00000|  0%| F|  |TAMS 0x000000070ed00000, 0x000000070ed00000| Untracked 
| 238|0x000000070ee00000, 0x000000070ee00000, 0x000000070ef00000|  0%| F|  |TAMS 0x000000070ee00000, 0x000000070ee00000| Untracked 
| 239|0x000000070ef00000, 0x000000070ef00000, 0x000000070f000000|  0%| F|  |TAMS 0x000000070ef00000, 0x000000070ef00000| Untracked 
| 240|0x000000070f000000, 0x000000070f000000, 0x000000070f100000|  0%| F|  |TAMS 0x000000070f000000, 0x000000070f000000| Untracked 
| 241|0x000000070f100000, 0x000000070f100000, 0x000000070f200000|  0%| F|  |TAMS 0x000000070f100000, 0x000000070f100000| Untracked 
| 242|0x000000070f200000, 0x000000070f200000, 0x000000070f300000|  0%| F|  |TAMS 0x000000070f200000, 0x000000070f200000| Untracked 
| 243|0x000000070f300000, 0x000000070f300000, 0x000000070f400000|  0%| F|  |TAMS 0x000000070f300000, 0x000000070f300000| Untracked 
| 244|0x000000070f400000, 0x000000070f400000, 0x000000070f500000|  0%| F|  |TAMS 0x000000070f400000, 0x000000070f400000| Untracked 
| 245|0x000000070f500000, 0x000000070f500000, 0x000000070f600000|  0%| F|  |TAMS 0x000000070f500000, 0x000000070f500000| Untracked 
| 246|0x000000070f600000, 0x000000070f600000, 0x000000070f700000|  0%| F|  |TAMS 0x000000070f600000, 0x000000070f600000| Untracked 
| 247|0x000000070f700000, 0x000000070f700000, 0x000000070f800000|  0%| F|  |TAMS 0x000000070f700000, 0x000000070f700000| Untracked 
| 248|0x000000070f800000, 0x000000070f800000, 0x000000070f900000|  0%| F|  |TAMS 0x000000070f800000, 0x000000070f800000| Untracked 
| 249|0x000000070f900000, 0x000000070f900000, 0x000000070fa00000|  0%| F|  |TAMS 0x000000070f900000, 0x000000070f900000| Untracked 
| 250|0x000000070fa00000, 0x000000070fa80800, 0x000000070fb00000| 50%| E|  |TAMS 0x000000070fa00000, 0x000000070fa00000| Complete 
| 251|0x000000070fb00000, 0x000000070fc00000, 0x000000070fc00000|100%| E|CS|TAMS 0x000000070fb00000, 0x000000070fb00000| Complete 
| 252|0x000000070fc00000, 0x000000070fd00000, 0x000000070fd00000|100%| E|CS|TAMS 0x000000070fc00000, 0x000000070fc00000| Complete 
| 253|0x000000070fd00000, 0x000000070fe00000, 0x000000070fe00000|100%| E|CS|TAMS 0x000000070fd00000, 0x000000070fd00000| Complete 

Card table byte_map: [0x000001d7f3260000,0x000001d7f3a60000] _byte_map_base: 0x000001d7efa60000

Marking Bits (Prev, Next): (CMBitMap*) 0x000001d7d8ff65d8, (CMBitMap*) 0x000001d7d8ff6618
 Prev Bits: [0x000001d7f4260000, 0x000001d7f8260000)
 Next Bits: [0x000001d7f8260000, 0x000001d7fc260000)

Polling page: 0x000001d7d9070000

Metaspace:

Usage:
  Non-class:      5.87 MB capacity,     3.28 MB ( 56%) used,     2.59 MB ( 44%) free+waste,     2.88 KB ( <1%) overhead. 
      Class:    527.00 KB capacity,   212.09 KB ( 40%) used,   313.98 KB ( 60%) free+waste,   960 bytes ( <1%) overhead. 
       Both:      6.39 MB capacity,     3.48 MB ( 55%) used,     2.90 MB ( 45%) free+waste,     3.81 KB ( <1%) overhead. 

Virtual space:
  Non-class space:        8.00 MB reserved,       6.00 MB ( 75%) committed 
      Class space:        1.00 GB reserved,     640.00 KB ( <1%) committed 
             Both:        1.01 GB reserved,       6.63 MB ( <1%) committed 

Chunk freelists:
   Non-Class:  131.00 KB
       Class:  17.00 KB
        Both:  148.00 KB

MaxMetaspaceSize: 17179869184.00 GB
CompressedClassSpaceSize: 1.00 GB

CodeHeap 'non-profiled nmethods': size=120000Kb used=1146Kb max_used=1146Kb free=118853Kb
 bounds [0x000001d7ea740000, 0x000001d7ea9b0000, 0x000001d7f1c70000]
CodeHeap 'profiled nmethods': size=120000Kb used=3008Kb max_used=3008Kb free=116991Kb
 bounds [0x000001d7e3210000, 0x000001d7e3510000, 0x000001d7ea740000]
CodeHeap 'non-nmethods': size=5760Kb used=1225Kb max_used=1268Kb free=4534Kb
 bounds [0x000001d7e2c70000, 0x000001d7e2ee0000, 0x000001d7e3210000]
 total_blobs=2808 nmethods=1383 adapters=404
 compilation: enabled
              stopped_count=0, restarted_count=0
 full_count=0

Compilation events (20 events):
Event: 44.642 Thread 0x000001d7ff8a4800 1375       3       org.lwjgl.opengl.WindowsKeyboard::handleKey (102 bytes)
Event: 44.642 Thread 0x000001d7ff8a4800 nmethod 1375 0x000001d7e34f4690 code [0x000001d7e34f4880, 0x000001d7e34f4dd0]
Event: 45.215 Thread 0x000001d7ff8a4800 1376       3       org.newdawn.slick.opengl.PNGImageData::loadImage (786 bytes)
Event: 45.217 Thread 0x000001d7ff8a4800 nmethod 1376 0x000001d7e34f5010 code [0x000001d7e34f54c0, 0x000001d7e34f8210]
Event: 45.217 Thread 0x000001d7ff8a4800 1377       3       org.newdawn.slick.opengl.InternalTextureLoader::getTexture (325 bytes)
Event: 45.222 Thread 0x000001d7ff8a4800 nmethod 1377 0x000001d7e34f8e10 code [0x000001d7e34f9520, 0x000001d7e34fdaf0]
Event: 47.868 Thread 0x000001d7ff8a4800 1378       3       java.lang.AbstractStringBuilder::append (55 bytes)
Event: 47.868 Thread 0x000001d7ff8a4800 nmethod 1378 0x000001d7e34ff690 code [0x000001d7e34ff880, 0x000001d7e34ffc40]
Event: 50.983 Thread 0x000001d7ff01c000 1379       4       me.Datablock_.OpenGL.GameEngine.Camera::move (431 bytes)
Event: 51.011 Thread 0x000001d7ff01c000 nmethod 1379 0x000001d7ea857a10 code [0x000001d7ea857d60, 0x000001d7ea85ab28]
Event: 51.862 Thread 0x000001d7ff01c000 1380       4       org.newdawn.slick.opengl.PNGImageData::get2Fold (16 bytes)
Event: 51.863 Thread 0x000001d7ff01c000 nmethod 1380 0x000001d7ea85bc10 code [0x000001d7ea85bda0, 0x000001d7ea85be38]
Event: 51.864 Thread 0x000001d7ff01c000 1381       4       org.newdawn.slick.opengl.InternalTextureLoader::get2Fold (16 bytes)
Event: 51.865 Thread 0x000001d7ff01c000 nmethod 1381 0x000001d7ea85bf10 code [0x000001d7ea85c0a0, 0x000001d7ea85c118]
Event: 52.901 Thread 0x000001d7ff8a4800 1382       3       java.nio.ByteBuffer::position (6 bytes)
Event: 52.902 Thread 0x000001d7ff8a4800 nmethod 1382 0x000001d7e34ffd90 code [0x000001d7e34fff40, 0x000001d7e3500190]
Event: 61.176 Thread 0x000001d7ff01c000 1383       4       org.newdawn.slick.opengl.PNGDecoder::<init> (167 bytes)
Event: 61.194 Thread 0x000001d7ff01c000 nmethod 1383 0x000001d7ea85c210 code [0x000001d7ea85c480, 0x000001d7ea85d810]
Event: 63.971 Thread 0x000001d7ff01c000 1384       4       java.lang.Integer::equals (29 bytes)
Event: 63.971 Thread 0x000001d7ff01c000 nmethod 1384 0x000001d7ea85e510 code [0x000001d7ea85e6a0, 0x000001d7ea85e778]

GC Heap History (20 events):
Event: 51.090 GC heap before
{Heap before GC invocations=25 (full 0):
 garbage-first heap   total 260096K, used 157499K [0x0000000700000000, 0x0000000800000000)
  region size 1024K, 152 young (155648K), 2 survivors (2048K)
 Metaspace       used 3566K, capacity 6540K, committed 6784K, reserved 1056768K
  class space    used 212K, capacity 527K, committed 640K, reserved 1048576K
}
Event: 51.091 GC heap after
{Heap after GC invocations=26 (full 0):
 garbage-first heap   total 260096K, used 4015K [0x0000000700000000, 0x0000000800000000)
  region size 1024K, 2 young (2048K), 2 survivors (2048K)
 Metaspace       used 3566K, capacity 6540K, committed 6784K, reserved 1056768K
  class space    used 212K, capacity 527K, committed 640K, reserved 1048576K
}
Event: 52.882 GC heap before
{Heap before GC invocations=26 (full 0):
 garbage-first heap   total 260096K, used 157615K [0x0000000700000000, 0x0000000800000000)
  region size 1024K, 152 young (155648K), 2 survivors (2048K)
 Metaspace       used 3566K, capacity 6540K, committed 6784K, reserved 1056768K
  class space    used 212K, capacity 527K, committed 640K, reserved 1048576K
}
Event: 52.883 GC heap after
{Heap after GC invocations=27 (full 0):
 garbage-first heap   total 260096K, used 4140K [0x0000000700000000, 0x0000000800000000)
  region size 1024K, 2 young (2048K), 2 survivors (2048K)
 Metaspace       used 3566K, capacity 6540K, committed 6784K, reserved 1056768K
  class space    used 212K, capacity 527K, committed 640K, reserved 1048576K
}
Event: 54.630 GC heap before
{Heap before GC invocations=27 (full 0):
 garbage-first heap   total 260096K, used 157740K [0x0000000700000000, 0x0000000800000000)
  region size 1024K, 152 young (155648K), 2 survivors (2048K)
 Metaspace       used 3567K, capacity 6540K, committed 6784K, reserved 1056768K
  class space    used 212K, capacity 527K, committed 640K, reserved 1048576K
}
Event: 54.632 GC heap after
{Heap after GC invocations=28 (full 0):
 garbage-first heap   total 260096K, used 4200K [0x0000000700000000, 0x0000000800000000)
  region size 1024K, 2 young (2048K), 2 survivors (2048K)
 Metaspace       used 3567K, capacity 6540K, committed 6784K, reserved 1056768K
  class space    used 212K, capacity 527K, committed 640K, reserved 1048576K
}
Event: 56.161 GC heap before
{Heap before GC invocations=28 (full 0):
 garbage-first heap   total 260096K, used 157800K [0x0000000700000000, 0x0000000800000000)
  region size 1024K, 152 young (155648K), 2 survivors (2048K)
 Metaspace       used 3567K, capacity 6540K, committed 6784K, reserved 1056768K
  class space    used 212K, capacity 527K, committed 640K, reserved 1048576K
}
Event: 56.162 GC heap after
{Heap after GC invocations=29 (full 0):
 garbage-first heap   total 260096K, used 4419K [0x0000000700000000, 0x0000000800000000)
  region size 1024K, 2 young (2048K), 2 survivors (2048K)
 Metaspace       used 3567K, capacity 6540K, committed 6784K, reserved 1056768K
  class space    used 212K, capacity 527K, committed 640K, reserved 1048576K
}
Event: 57.640 GC heap before
{Heap before GC invocations=29 (full 0):
 garbage-first heap   total 260096K, used 158019K [0x0000000700000000, 0x0000000800000000)
  region size 1024K, 152 young (155648K), 2 survivors (2048K)
 Metaspace       used 3567K, capacity 6540K, committed 6784K, reserved 1056768K
  class space    used 212K, capacity 527K, committed 640K, reserved 1048576K
}
Event: 57.642 GC heap after
{Heap after GC invocations=30 (full 0):
 garbage-first heap   total 260096K, used 4413K [0x0000000700000000, 0x0000000800000000)
  region size 1024K, 2 young (2048K), 2 survivors (2048K)
 Metaspace       used 3567K, capacity 6540K, committed 6784K, reserved 1056768K
  class space    used 212K, capacity 527K, committed 640K, reserved 1048576K
}
Event: 59.112 GC heap before
{Heap before GC invocations=30 (full 0):
 garbage-first heap   total 260096K, used 158013K [0x0000000700000000, 0x0000000800000000)
  region size 1024K, 152 young (155648K), 2 survivors (2048K)
 Metaspace       used 3567K, capacity 6540K, committed 6784K, reserved 1056768K
  class space    used 212K, capacity 527K, committed 640K, reserved 1048576K
}
Event: 59.114 GC heap after
{Heap after GC invocations=31 (full 0):
 garbage-first heap   total 260096K, used 4664K [0x0000000700000000, 0x0000000800000000)
  region size 1024K, 2 young (2048K), 2 survivors (2048K)
 Metaspace       used 3567K, capacity 6540K, committed 6784K, reserved 1056768K
  class space    used 212K, capacity 527K, committed 640K, reserved 1048576K
}
Event: 60.641 GC heap before
{Heap before GC invocations=31 (full 0):
 garbage-first heap   total 260096K, used 158264K [0x0000000700000000, 0x0000000800000000)
  region size 1024K, 152 young (155648K), 2 survivors (2048K)
 Metaspace       used 3567K, capacity 6540K, committed 6784K, reserved 1056768K
  class space    used 212K, capacity 527K, committed 640K, reserved 1048576K
}
Event: 60.642 GC heap after
{Heap after GC invocations=32 (full 0):
 garbage-first heap   total 260096K, used 4830K [0x0000000700000000, 0x0000000800000000)
  region size 1024K, 3 young (3072K), 3 survivors (3072K)
 Metaspace       used 3567K, capacity 6540K, committed 6784K, reserved 1056768K
  class space    used 212K, capacity 527K, committed 640K, reserved 1048576K
}
Event: 62.169 GC heap before
{Heap before GC invocations=32 (full 0):
 garbage-first heap   total 260096K, used 157406K [0x0000000700000000, 0x0000000800000000)
  region size 1024K, 152 young (155648K), 3 survivors (3072K)
 Metaspace       used 3567K, capacity 6540K, committed 6784K, reserved 1056768K
  class space    used 212K, capacity 527K, committed 640K, reserved 1048576K
}
Event: 62.171 GC heap after
{Heap after GC invocations=33 (full 0):
 garbage-first heap   total 260096K, used 4960K [0x0000000700000000, 0x0000000800000000)
  region size 1024K, 3 young (3072K), 3 survivors (3072K)
 Metaspace       used 3567K, capacity 6540K, committed 6784K, reserved 1056768K
  class space    used 212K, capacity 527K, committed 640K, reserved 1048576K
}
Event: 63.780 GC heap before
{Heap before GC invocations=33 (full 0):
 garbage-first heap   total 260096K, used 157536K [0x0000000700000000, 0x0000000800000000)
  region size 1024K, 152 young (155648K), 3 survivors (3072K)
 Metaspace       used 3567K, capacity 6540K, committed 6784K, reserved 1056768K
  class space    used 212K, capacity 527K, committed 640K, reserved 1048576K
}
Event: 63.782 GC heap after
{Heap after GC invocations=34 (full 0):
 garbage-first heap   total 260096K, used 5095K [0x0000000700000000, 0x0000000800000000)
  region size 1024K, 3 young (3072K), 3 survivors (3072K)
 Metaspace       used 3567K, capacity 6540K, committed 6784K, reserved 1056768K
  class space    used 212K, capacity 527K, committed 640K, reserved 1048576K
}
Event: 65.271 GC heap before
{Heap before GC invocations=34 (full 0):
 garbage-first heap   total 260096K, used 157671K [0x0000000700000000, 0x0000000800000000)
  region size 1024K, 152 young (155648K), 3 survivors (3072K)
 Metaspace       used 3567K, capacity 6540K, committed 6784K, reserved 1056768K
  class space    used 212K, capacity 527K, committed 640K, reserved 1048576K
}
Event: 65.273 GC heap after
{Heap after GC invocations=35 (full 0):
 garbage-first heap   total 260096K, used 5304K [0x0000000700000000, 0x0000000800000000)
  region size 1024K, 3 young (3072K), 3 survivors (3072K)
 Metaspace       used 3567K, capacity 6540K, committed 6784K, reserved 1056768K
  class space    used 212K, capacity 527K, committed 640K, reserved 1048576K
}

Deoptimization events (20 events):
Event: 30.809 Thread 0x000001d7d8f89800 Uncommon trap: trap_request=0xffffffde fr.pc=0x000001d7ea7eff5c relative=0x000000000000041c
Event: 30.809 Thread 0x000001d7d8f89800 Uncommon trap: reason=class_check action=maybe_recompile pc=0x000001d7ea7eff5c method=java.util.HashMap.getNode(ILjava/lang/Object;)Ljava/util/HashMap$Node; @ 126 c2
Event: 30.809 Thread 0x000001d7d8f89800 DEOPT PACKING pc=0x000001d7ea7eff5c sp=0x00000064ef1feda0
Event: 30.809 Thread 0x000001d7d8f89800 DEOPT UNPACKING pc=0x000001d7e2cb912f sp=0x00000064ef1feca8 mode 2
Event: 31.533 Thread 0x000001d7d8f89800 Uncommon trap: trap_request=0xffffff45 fr.pc=0x000001d7ea8388f4 relative=0x0000000000002b94
Event: 31.533 Thread 0x000001d7d8f89800 Uncommon trap: reason=unstable_if action=reinterpret pc=0x000001d7ea8388f4 method=me.Datablock_.OpenGL.GameEngine.Camera.move(F)V @ 343 c2
Event: 31.533 Thread 0x000001d7d8f89800 DEOPT PACKING pc=0x000001d7ea8388f4 sp=0x00000064ef1fef30
Event: 31.533 Thread 0x000001d7d8f89800 DEOPT UNPACKING pc=0x000001d7e2cb912f sp=0x00000064ef1feec8 mode 2
Event: 34.759 Thread 0x000001d7d8f89800 Uncommon trap: trap_request=0xffffffde fr.pc=0x000001d7ea7eff5c relative=0x000000000000041c
Event: 34.759 Thread 0x000001d7d8f89800 Uncommon trap: reason=class_check action=maybe_recompile pc=0x000001d7ea7eff5c method=java.util.HashMap.getNode(ILjava/lang/Object;)Ljava/util/HashMap$Node; @ 126 c2
Event: 34.759 Thread 0x000001d7d8f89800 DEOPT PACKING pc=0x000001d7ea7eff5c sp=0x00000064ef1feda0
Event: 34.759 Thread 0x000001d7d8f89800 DEOPT UNPACKING pc=0x000001d7e2cb912f sp=0x00000064ef1feca8 mode 2
Event: 45.215 Thread 0x000001d7d8f89800 DEOPT PACKING pc=0x000001d7e34d89d7 sp=0x00000064ef1fe4b0
Event: 45.215 Thread 0x000001d7d8f89800 DEOPT UNPACKING pc=0x000001d7e2cb964e sp=0x00000064ef1fd980 mode 0
Event: 45.217 Thread 0x000001d7d8f89800 DEOPT PACKING pc=0x000001d7e349cb78 sp=0x00000064ef1fe7c0
Event: 45.217 Thread 0x000001d7d8f89800 DEOPT UNPACKING pc=0x000001d7e2cb964e sp=0x00000064ef1fdd50 mode 0
Event: 51.862 Thread 0x000001d7d8f89800 DEOPT PACKING pc=0x000001d7e3480586 sp=0x00000064ef1fe460
Event: 51.862 Thread 0x000001d7d8f89800 DEOPT UNPACKING pc=0x000001d7e2cb964e sp=0x00000064ef1fd8f0 mode 0
Event: 51.864 Thread 0x000001d7d8f89800 DEOPT PACKING pc=0x000001d7e3481145 sp=0x00000064ef1fe770
Event: 51.864 Thread 0x000001d7d8f89800 DEOPT UNPACKING pc=0x000001d7e2cb964e sp=0x00000064ef1fdc08 mode 0

Classes unloaded (0 events):
No events

Classes redefined (0 events):
No events

Internal exceptions (2 events):
Event: 3.185 Thread 0x000001d7d8f89800 Exception <a 'org/lwjgl/LWJGLException'{0x000000070f167c18}: Failed to set device gamma.> (0x000000070f167c18) 
thrown [t:/workspace/open/src/hotspot/share/prims/jni.cpp, line 619]
Event: 3.266 Thread 0x000001d7d8f89800 Exception <a 'org/lwjgl/LWJGLException'{0x000000070f1681c8}: Failed to set device gamma.> (0x000000070f1681c8) 
thrown [t:/workspace/open/src/hotspot/share/prims/jni.cpp, line 619]

Events (20 events):
Event: 51.090 Executing VM operation: G1CollectForAllocation
Event: 51.091 Executing VM operation: G1CollectForAllocation done
Event: 52.882 Executing VM operation: G1CollectForAllocation
Event: 52.883 Executing VM operation: G1CollectForAllocation done
Event: 54.630 Executing VM operation: G1CollectForAllocation
Event: 54.632 Executing VM operation: G1CollectForAllocation done
Event: 56.161 Executing VM operation: G1CollectForAllocation
Event: 56.162 Executing VM operation: G1CollectForAllocation done
Event: 57.640 Executing VM operation: G1CollectForAllocation
Event: 57.642 Executing VM operation: G1CollectForAllocation done
Event: 59.112 Executing VM operation: G1CollectForAllocation
Event: 59.114 Executing VM operation: G1CollectForAllocation done
Event: 60.641 Executing VM operation: G1CollectForAllocation
Event: 60.642 Executing VM operation: G1CollectForAllocation done
Event: 62.169 Executing VM operation: G1CollectForAllocation
Event: 62.171 Executing VM operation: G1CollectForAllocation done
Event: 63.780 Executing VM operation: G1CollectForAllocation
Event: 63.782 Executing VM operation: G1CollectForAllocation done
Event: 65.271 Executing VM operation: G1CollectForAllocation
Event: 65.273 Executing VM operation: G1CollectForAllocation done


Dynamic libraries:
0x00007ff72a1d0000 - 0x00007ff72a1df000 	C:\Program Files\Java\jdk-13.0.2\bin\javaw.exe
0x00007ff8404d0000 - 0x00007ff8406c5000 	C:\WINDOWS\SYSTEM32\ntdll.dll
0x00007ff83e5b0000 - 0x00007ff83e66e000 	C:\WINDOWS\System32\KERNEL32.DLL
0x00007ff83de80000 - 0x00007ff83e148000 	C:\WINDOWS\System32\KERNELBASE.dll
0x00007ff83e420000 - 0x00007ff83e520000 	C:\WINDOWS\System32\ucrtbase.dll
0x00007ff838e10000 - 0x00007ff838e25000 	C:\Program Files\Java\jdk-13.0.2\bin\VCRUNTIME140.dll
0x00007ff837360000 - 0x00007ff837378000 	C:\Program Files\Java\jdk-13.0.2\bin\jli.dll
0x00007ff83eb20000 - 0x00007ff83ebcc000 	C:\WINDOWS\System32\ADVAPI32.dll
0x00007ff83ea80000 - 0x00007ff83eb1e000 	C:\WINDOWS\System32\msvcrt.dll
0x00007ff83fbd0000 - 0x00007ff83fc6b000 	C:\WINDOWS\System32\sechost.dll
0x00007ff83e920000 - 0x00007ff83ea4a000 	C:\WINDOWS\System32\RPCRT4.dll
0x00007ff8402e0000 - 0x00007ff840481000 	C:\WINDOWS\System32\USER32.dll
0x00007ff83e150000 - 0x00007ff83e172000 	C:\WINDOWS\System32\win32u.dll
0x00007ff82f470000 - 0x00007ff82f70a000 	C:\WINDOWS\WinSxS\amd64_microsoft.windows.common-controls_6595b64144ccf1df_6.0.19041.1110_none_60b5254171f9507e\COMCTL32.dll
0x00007ff83f8f0000 - 0x00007ff83f91b000 	C:\WINDOWS\System32\GDI32.dll
0x00007ff83e280000 - 0x00007ff83e38b000 	C:\WINDOWS\System32\gdi32full.dll
0x00007ff83dde0000 - 0x00007ff83de7d000 	C:\WINDOWS\System32\msvcp_win.dll
0x00007ff836630000 - 0x00007ff83663a000 	C:\WINDOWS\SYSTEM32\VERSION.dll
0x00007ff83e760000 - 0x00007ff83e790000 	C:\WINDOWS\System32\IMM32.DLL
0x00007ff827b90000 - 0x00007ff827c2b000 	C:\Program Files\Java\jdk-13.0.2\bin\msvcp140.dll
0x00007fffcafc0000 - 0x00007fffcbb1d000 	C:\Program Files\Java\jdk-13.0.2\bin\server\jvm.dll
0x00007ff83f4c0000 - 0x00007ff83f4c8000 	C:\WINDOWS\System32\PSAPI.DLL
0x00007ff838fb0000 - 0x00007ff838fb9000 	C:\WINDOWS\SYSTEM32\WSOCK32.dll
0x00007ff82ae60000 - 0x00007ff82ae87000 	C:\WINDOWS\SYSTEM32\WINMM.dll
0x00007ff840270000 - 0x00007ff8402db000 	C:\WINDOWS\System32\WS2_32.dll
0x00007ff83baf0000 - 0x00007ff83bb02000 	C:\WINDOWS\SYSTEM32\kernel.appcore.dll
0x00007ff838d50000 - 0x00007ff838d60000 	C:\Program Files\Java\jdk-13.0.2\bin\verify.dll
0x00007ff835920000 - 0x00007ff835b04000 	C:\WINDOWS\SYSTEM32\DBGHELP.DLL
0x00007ff835c30000 - 0x00007ff835c5c000 	C:\WINDOWS\SYSTEM32\dbgcore.DLL
0x00007ff83e390000 - 0x00007ff83e413000 	C:\WINDOWS\System32\bcryptPrimitives.dll
0x00007ff828f50000 - 0x00007ff828f76000 	C:\Program Files\Java\jdk-13.0.2\bin\java.dll
0x00007ff8372b0000 - 0x00007ff8372c7000 	C:\Program Files\Java\jdk-13.0.2\bin\zip.dll
0x00007ff838070000 - 0x00007ff83807a000 	C:\Program Files\Java\jdk-13.0.2\bin\jimage.dll
0x00007ff83ebd0000 - 0x00007ff83f30f000 	C:\WINDOWS\System32\SHELL32.dll
0x00007ff83bcf0000 - 0x00007ff83c480000 	C:\WINDOWS\SYSTEM32\windows.storage.dll
0x00007ff83f590000 - 0x00007ff83f8e5000 	C:\WINDOWS\System32\combase.dll
0x00007ff83d5d0000 - 0x00007ff83d5fe000 	C:\WINDOWS\SYSTEM32\Wldp.dll
0x00007ff8400f0000 - 0x00007ff84019d000 	C:\WINDOWS\System32\SHCORE.dll
0x00007ff83f4d0000 - 0x00007ff83f525000 	C:\WINDOWS\System32\shlwapi.dll
0x00007ff83db30000 - 0x00007ff83db4f000 	C:\WINDOWS\SYSTEM32\profapi.dll
0x00007ff833b20000 - 0x00007ff833b39000 	C:\Program Files\Java\jdk-13.0.2\bin\net.dll
0x00007ff833840000 - 0x00007ff83394c000 	C:\WINDOWS\SYSTEM32\WINHTTP.dll
0x00007ff83d330000 - 0x00007ff83d39a000 	C:\WINDOWS\system32\mswsock.dll
0x00007ff828f30000 - 0x00007ff828f43000 	C:\Program Files\Java\jdk-13.0.2\bin\nio.dll
0x0000000180000000 - 0x0000000180051000 	C:\Users\Tepop\Desktop\Files\Eclipse\Workspace1\OpenGL\lib\natives\lwjgl64.dll
0x00007ff82afc0000 - 0x00007ff82b0e5000 	C:\WINDOWS\SYSTEM32\OPENGL32.dll
0x00007ff837b20000 - 0x00007ff837b4c000 	C:\WINDOWS\SYSTEM32\GLU32.dll
0x00007ff830f70000 - 0x00007ff83101e000 	C:\WINDOWS\SYSTEM32\mscms.dll
0x00007ff83daf0000 - 0x00007ff83db1e000 	C:\WINDOWS\SYSTEM32\USERENV.dll
0x00007ff830f50000 - 0x00007ff830f61000 	C:\WINDOWS\SYSTEM32\ColorAdapterClient.dll
0x00007ff8401a0000 - 0x00007ff84026d000 	C:\WINDOWS\System32\OLEAUT32.dll
0x00007ff83b610000 - 0x00007ff83b6ae000 	C:\WINDOWS\system32\uxtheme.dll
0x00007fffe2940000 - 0x00007fffe2a79000 	C:\ProgramData\A-Volute\A-Volute.Nahimic\Modules\Scheduled\x64\AudioDevProps2.dll
0x00007ff83f980000 - 0x00007ff83faaa000 	C:\WINDOWS\System32\ole32.dll
0x00007ff83fab0000 - 0x00007ff83fbc5000 	C:\WINDOWS\System32\MSCTF.dll
0x00007ff83e810000 - 0x00007ff83e8b9000 	C:\WINDOWS\System32\clbcatq.dll
0x00007fffec440000 - 0x00007fffeee1c000 	C:\WINDOWS\System32\DriverStore\FileRepository\nvmii.inf_amd64_ee85d4fa20ec2948\nvoglv64.dll
0x00007ff83fc70000 - 0x00007ff8400e2000 	C:\WINDOWS\System32\SETUPAPI.dll
0x00007ff83e230000 - 0x00007ff83e27e000 	C:\WINDOWS\System32\cfgmgr32.dll
0x00007ff83dd50000 - 0x00007ff83dd77000 	C:\WINDOWS\System32\bcrypt.dll
0x00007ff838670000 - 0x00007ff838684000 	C:\WINDOWS\SYSTEM32\WTSAPI32.dll
0x00007ff83d7d0000 - 0x00007ff83d7e2000 	C:\WINDOWS\SYSTEM32\msasn1.dll
0x00007ff8365a0000 - 0x00007ff8365d1000 	C:\WINDOWS\SYSTEM32\cryptnet.dll
0x00007ff83dbf0000 - 0x00007ff83dd46000 	C:\WINDOWS\System32\CRYPT32.dll
0x00007ff83d540000 - 0x00007ff83d54c000 	C:\WINDOWS\SYSTEM32\cryptbase.dll
0x00007ff83d9b0000 - 0x00007ff83d9e4000 	C:\WINDOWS\System32\DEVOBJ.dll
0x00007ff83dd80000 - 0x00007ff83dde0000 	C:\WINDOWS\System32\WINTRUST.dll
0x00007ff83c8e0000 - 0x00007ff83c913000 	C:\WINDOWS\SYSTEM32\ntmarta.dll
0x00007ff82c140000 - 0x00007ff82c17b000 	C:\WINDOWS\SYSTEM32\dxcore.dll
0x00007fffd12b0000 - 0x00007fffd1573000 	C:\WINDOWS\system32\nvspcap64.dll
0x00007ff83b910000 - 0x00007ff83b93f000 	C:\WINDOWS\SYSTEM32\dwmapi.dll
0x00007ff837070000 - 0x00007ff837169000 	C:\WINDOWS\SYSTEM32\textinputframework.dll
0x00007ff83afc0000 - 0x00007ff83b31e000 	C:\WINDOWS\System32\CoreUIComponents.dll
0x00007ff83b320000 - 0x00007ff83b412000 	C:\WINDOWS\System32\CoreMessaging.dll
0x00007ff83a8f0000 - 0x00007ff83aa44000 	C:\WINDOWS\SYSTEM32\wintypes.dll
0x00007ff81bfa0000 - 0x00007ff81bfe3000 	C:\WINDOWS\SYSTEM32\icm32.dll
0x00007ff83d690000 - 0x00007ff83d6db000 	C:\WINDOWS\SYSTEM32\powrprof.dll
0x00007ff83d670000 - 0x00007ff83d682000 	C:\WINDOWS\SYSTEM32\UMPDC.dll
0x00007ff83d220000 - 0x00007ff83d27a000 	C:\WINDOWS\SYSTEM32\WINSTA.dll
0x00007ff83c600000 - 0x00007ff83c6f4000 	C:\WINDOWS\system32\dxgi.dll
0x00007ff83a0c0000 - 0x00007ff83a324000 	C:\WINDOWS\system32\d3d11.dll
0x00007ff83ea50000 - 0x00007ff83ea6d000 	C:\WINDOWS\System32\imagehlp.dll
0x00007ff83d520000 - 0x00007ff83d538000 	C:\WINDOWS\SYSTEM32\CRYPTSP.dll
0x00007ff83cc50000 - 0x00007ff83cc84000 	C:\WINDOWS\system32\rsaenh.dll
0x00007ff832fa0000 - 0x00007ff8336a7000 	C:\WINDOWS\SYSTEM32\nvapi64.dll
0x00007ffffaf10000 - 0x00007ffffb0a9000 	C:\Program Files\Java\jdk-13.0.2\bin\awt.dll
0x00007ff83b560000 - 0x00007ff83b5f0000 	C:\WINDOWS\SYSTEM32\apphelp.dll
0x00007ff838b10000 - 0x00007ff838c15000 	C:\WINDOWS\System32\DriverStore\FileRepository\nvmii.inf_amd64_ee85d4fa20ec2948\nvldumdx.dll
0x00007fffe6ff0000 - 0x00007fffeb70d000 	C:\WINDOWS\System32\DriverStore\FileRepository\nvmii.inf_amd64_ee85d4fa20ec2948\nvwgf2umx.dll
0x00007ff8146f0000 - 0x00007ff815d6d000 	C:\WINDOWS\System32\DriverStore\FileRepository\iigd_dch.inf_amd64_a086f01cc7be643a\igd10iumd64.dll
0x00007ff83d640000 - 0x00007ff83d667000 	C:\WINDOWS\SYSTEM32\ncrypt.dll
0x00007ff83d600000 - 0x00007ff83d63b000 	C:\WINDOWS\SYSTEM32\NTASN1.dll
0x00007ff814490000 - 0x00007ff8146cf000 	C:\WINDOWS\System32\DriverStore\FileRepository\iigd_dch.inf_amd64_a086f01cc7be643a\igdgmm64.dll
0x00007ff811820000 - 0x00007ff814482000 	C:\WINDOWS\System32\DriverStore\FileRepository\iigd_dch.inf_amd64_a086f01cc7be643a\igc64.dll

dbghelp: loaded successfully - version: 4.0.5 - missing functions: none
symbol engine: initialized successfully - sym options: 0x614 - pdb path: .;C:\Program Files\Java\jdk-13.0.2\bin;C:\WINDOWS\SYSTEM32;C:\WINDOWS\WinSxS\amd64_microsoft.windows.common-controls_6595b64144ccf1df_6.0.19041.1110_none_60b5254171f9507e;C:\Program Files\Java\jdk-13.0.2\bin\server;C:\Users\Tepop\Desktop\Files\Eclipse\Workspace1\OpenGL\lib\natives;C:\ProgramData\A-Volute\A-Volute.Nahimic\Modules\Scheduled\x64;C:\WINDOWS\System32\DriverStore\FileRepository\nvmii.inf_amd64_ee85d4fa20ec2948;C:\WINDOWS\System32\DriverStore\FileRepository\iigd_dch.inf_amd64_a086f01cc7be643a

VM Arguments:
jvm_args: -Xmx4096m -Djava.library.path=C:\Users\Tepop\Desktop\Files\Eclipse\Workspace1\OpenGL\lib\natives -Dfile.encoding=UTF-8 
java_command: me.Datablock_.OpenGL.GameEngine.MainGameLoop
java_class_path (initial): C:\Users\Tepop\Desktop\Files\Eclipse\Workspace1\OpenGL\bin;C:\Users\Tepop\Desktop\Files\Eclipse\Workspace1\OpenGL\lib\jars\lwjgl_util.jar;C:\Users\Tepop\Desktop\Files\Eclipse\Workspace1\OpenGL\lib\jars\lwjgl.jar;C:\Users\Tepop\Desktop\Files\Eclipse\Workspace1\OpenGL\lib\jars\slick-util.jar;C:\Users\Tepop\Desktop\Files\Eclipse\Workspace1\OpenGL\lib\jars\PNGDecoder.jar
Launcher Type: SUN_STANDARD

[Global flags]
     intx CICompilerCount                          = 4                                         {product} {ergonomic}
     uint ConcGCThreads                            = 3                                         {product} {ergonomic}
     uint G1ConcRefinementThreads                  = 10                                        {product} {ergonomic}
   size_t G1HeapRegionSize                         = 1048576                                   {product} {ergonomic}
    uintx GCDrainStackTargetSize                   = 64                                        {product} {ergonomic}
   size_t InitialHeapSize                          = 266338304                                 {product} {ergonomic}
   size_t MarkStackSize                            = 4194304                                   {product} {ergonomic}
   size_t MaxHeapSize                              = 4294967296                                {product} {command line}
   size_t MaxNewSize                               = 2576351232                                {product} {ergonomic}
   size_t MinHeapDeltaBytes                        = 1048576                                   {product} {ergonomic}
   size_t MinHeapSize                              = 8388608                                   {product} {ergonomic}
    uintx NonNMethodCodeHeapSize                   = 5839372                                {pd product} {ergonomic}
    uintx NonProfiledCodeHeapSize                  = 122909434                              {pd product} {ergonomic}
    uintx ProfiledCodeHeapSize                     = 122909434                              {pd product} {ergonomic}
    uintx ReservedCodeCacheSize                    = 251658240                              {pd product} {ergonomic}
     bool SegmentedCodeCache                       = true                                      {product} {ergonomic}
   size_t SoftMaxHeapSize                          = 4294967296                             {manageable} {ergonomic}
     bool UseCompressedClassPointers               = true                                 {lp64_product} {ergonomic}
     bool UseCompressedOops                        = true                                 {lp64_product} {ergonomic}
     bool UseG1GC                                  = true                                      {product} {ergonomic}
     bool UseLargePagesIndividualAllocation        = false                                  {pd product} {ergonomic}

Logging:
Log output configuration:
 #0: stdout all=warning uptime,level,tags
 #1: stderr all=off uptime,level,tags

Environment Variables:
JAVA_HOME=C:\Program Files\Java\jdk-13.0.2
PATH=C:/Program Files/Java/jdk-13.0.2/bin/server;C:/Program Files/Java/jdk-13.0.2/bin;C:\Program Files\Common Files\Oracle\Java\javapath;C:\Program Files (x86)\Common Files\Oracle\Java\javapath;C:\Windows\system32;C:\Windows;C:\Windows\System32\Wbem;C:\Windows\System32\WindowsPowerShell\v1.0\;C:\Windows\System32\OpenSSH\;C:\Program Files (x86)\NVIDIA Corporation\PhysX\Common;C:\Program Files\NVIDIA Corporation\NVIDIA NvDLISR;C:\WINDOWS\system32;C:\WINDOWS;C:\WINDOWS\System32\Wbem;C:\WINDOWS\System32\WindowsPowerShell\v1.0\;C:\WINDOWS\System32\OpenSSH\;C:\Program Files\Java\jdk-13.0.2\bin;C:\Users\Tepop\AppData\Local\Microsoft\WindowsApps;C:\Users\Tepop\AppData\Local\GitHubDesktop\bin;;C:\Users\Tepop\Desktop;
USERNAME=Tristan
OS=Windows_NT
PROCESSOR_IDENTIFIER=Intel64 Family 6 Model 158 Stepping 13, GenuineIntel



---------------  S Y S T E M  ---------------

OS: Windows 10 , 64 bit Build 19041 (10.0.19041.1348)

CPU:total 12 (initial active 12) (6 cores per cpu, 2 threads per core) family 6 model 158 stepping 13, cmov, cx8, fxsr, mmx, sse, sse2, sse3, ssse3, sse4.1, sse4.2, popcnt, avx, avx2, aes, clmul, erms, 3dnowpref, lzcnt, ht, tsc, tscinvbit, bmi1, bmi2, adx, fma

Memory: 4k page, system-wide physical 16229M (4073M free)
TotalPageFile size 31466M (AvailPageFile size 3885M)
current process WorkingSet (physical memory assigned to process): 2413M, peak: 2492M
current process commit charge ("private bytes"): 7029M, peak: 7110M

vm_info: Java HotSpot(TM) 64-Bit Server VM (13.0.2+8) for windows-amd64 JRE (13.0.2+8), built on Dec 11 2019 09:20:33 by "mach5one" with unknown MS VC++:1916

END.
