#
# There is insufficient memory for the Java Runtime Environment to continue.
# Native memory allocation (mmap) failed to map 9437184 bytes for Failed to commit area from 0x0000000709a00000 to 0x000000070a300000 of length 9437184.
# Possible reasons:
#   The system is out of physical RAM or swap space
#   The process is running with CompressedOops enabled, and the Java Heap may be blocking the growth of the native heap
# Possible solutions:
#   Reduce memory load on the system
#   Increase physical memory or swap space
#   Check if swap backing store is full
#   Decrease Java heap size (-Xmx/-Xms)
#   Decrease number of Java threads
#   Decrease Java thread stack sizes (-Xss)
#   Set larger code cache with -XX:ReservedCodeCacheSize=
#   JVM is running with Zero Based Compressed Oops mode in which the Java heap is
#     placed in the first 32GB address space. The Java Heap base address is the
#     maximum limit for the native heap growth. Please use -XX:HeapBaseMinAddress
#     to set the Java Heap base and to place the Java Heap above 32GB virtual address.
# This output file may be truncated or incomplete.
#
#  Out of Memory Error (t:/workspace/open/src/hotspot/os/windows/os_windows.cpp:3301), pid=5840, tid=9468
#
# JRE version: Java(TM) SE Runtime Environment (13.0.2+8) (build 13.0.2+8)
# Java VM: Java HotSpot(TM) 64-Bit Server VM (13.0.2+8, mixed mode, sharing, tiered, compressed oops, g1 gc, windows-amd64)
# No core dump will be written. Minidumps are not enabled by default on client versions of Windows
#

---------------  S U M M A R Y ------------

Command Line: -Djava.library.path=C:\Users\Tepop\eclipse-workspace\OpenGL\lib\natives -Dfile.encoding=UTF-8 me.Datablock_.OpenGL.engineTester.MainGameLoop

Host: Intel(R) Core(TM) i7-9750H CPU @ 2.60GHz, 12 cores, 15G,  Windows 10 , 64 bit Build 18362 (10.0.18362.1350)
Time: Fri Mar  5 23:23:57 2021 W. Europe Standard Time elapsed time: 201 seconds (0d 0h 3m 21s)

---------------  T H R E A D  ---------------

Current thread (0x00000250a20a9000):  VMThread "VM Thread" [stack: 0x0000005e78600000,0x0000005e78700000] [id=9468]

Stack: [0x0000005e78600000,0x0000005e78700000]
[error occurred during error reporting (printing stack bounds), id 0xc0000005, EXCEPTION_ACCESS_VIOLATION (0xc0000005) at pc=0x00000250884310ad]

Native frames: (J=compiled Java code, j=interpreted, Vv=VM code, C=native code)
V  [jvm.dll+0x624f9a]
V  [jvm.dll+0x770cfa]
V  [jvm.dll+0x7724af]
V  [jvm.dll+0x772a15]
V  [jvm.dll+0x7729cb]
V  [jvm.dll+0x6244df]
C  [ntdll.dll+0x790b6]
C  [ntdll.dll+0x6a926]
C  [ntdll.dll+0xa0b5e]
C  0x00000250884310ad

VM_Operation (0x0000005e780fedb0): G1CollectForAllocation, mode: safepoint, requested by thread 0x00000250fe0cc000


---------------  P R O C E S S  ---------------

Threads class SMR info:
_java_thread_list=0x00000250ab921370, length=11, elements={
0x00000250fe0cc000, 0x00000250a20ab000, 0x00000250a20ae000, 0x00000250a294e000,
0x00000250a294f000, 0x00000250a2951800, 0x00000250a2958800, 0x00000250a295d000,
0x00000250a2a88000, 0x00000250a2a8d800, 0x00000250ab754000
}

Java Threads: ( => current thread )
  0x00000250fe0cc000 JavaThread "main" [_thread_blocked, id=10848, stack(0x0000005e78000000,0x0000005e78100000)]
  0x00000250a20ab000 JavaThread "Reference Handler" daemon [_thread_blocked, id=2304, stack(0x0000005e78700000,0x0000005e78800000)]
  0x00000250a20ae000 JavaThread "Finalizer" daemon [_thread_blocked, id=2208, stack(0x0000005e78800000,0x0000005e78900000)]
  0x00000250a294e000 JavaThread "Signal Dispatcher" daemon [_thread_blocked, id=12128, stack(0x0000005e78900000,0x0000005e78a00000)]
  0x00000250a294f000 JavaThread "Attach Listener" daemon [_thread_blocked, id=13452, stack(0x0000005e78a00000,0x0000005e78b00000)]
  0x00000250a2951800 JavaThread "C2 CompilerThread0" daemon [_thread_blocked, id=13496, stack(0x0000005e78b00000,0x0000005e78c00000)]
  0x00000250a2958800 JavaThread "C1 CompilerThread0" daemon [_thread_blocked, id=10588, stack(0x0000005e78c00000,0x0000005e78d00000)]
  0x00000250a295d000 JavaThread "Sweeper thread" daemon [_thread_blocked, id=10660, stack(0x0000005e78d00000,0x0000005e78e00000)]
  0x00000250a2a88000 JavaThread "Service Thread" daemon [_thread_blocked, id=8704, stack(0x0000005e78e00000,0x0000005e78f00000)]
  0x00000250a2a8d800 JavaThread "Common-Cleaner" daemon [_thread_blocked, id=11412, stack(0x0000005e79000000,0x0000005e79100000)]
  0x00000250ab754000 JavaThread "LWJGL Timer" daemon [_thread_blocked, id=13744, stack(0x0000005e79820000,0x0000005e79920000)]

Other Threads:
=>0x00000250a20a9000 VMThread "VM Thread" [stack: 0x0000005e78600000,0x0000005e78700000] [id=9468]
  0x00000250a2a8a800 WatcherThread [stack: 0x0000005e78f00000,0x0000005e79000000] [id=13736]
  0x00000250fe137800 GCTaskThread "GC Thread#0" [stack: 0x0000005e78100000,0x0000005e78200000] [id=11288]
  0x00000250ab804000 GCTaskThread "GC Thread#1" [stack: 0x0000005e79920000,0x0000005e79a20000] [id=8856]
  0x00000250abc83000 GCTaskThread "GC Thread#2" [stack: 0x0000005e79a20000,0x0000005e79b20000] [id=6076]
  0x00000250abcb8800 GCTaskThread "GC Thread#3" [stack: 0x0000005e79b20000,0x0000005e79c20000] [id=12584]
  0x00000250ab988000 GCTaskThread "GC Thread#4" [stack: 0x0000005e79c20000,0x0000005e79d20000] [id=11484]
  0x00000250ab988800 GCTaskThread "GC Thread#5" [stack: 0x0000005e79d20000,0x0000005e79e20000] [id=12300]
  0x00000250fe159000 ConcurrentGCThread "G1 Main Marker" [stack: 0x0000005e78200000,0x0000005e78300000] [id=1928]
  0x00000250fe15b800 ConcurrentGCThread "G1 Conc#0" [stack: 0x0000005e78300000,0x0000005e78400000] [id=14136]
  0x00000250abd3e800 ConcurrentGCThread "G1 Conc#1" [stack: 0x0000005e79e20000,0x0000005e79f20000] [id=13268]
  0x00000250b4d00800 ConcurrentGCThread "G1 Conc#2" [stack: 0x0000005e79f20000,0x0000005e7a020000] [id=1064]
  0x00000250a1f9a000 ConcurrentGCThread "G1 Refine#0" [stack: 0x0000005e78400000,0x0000005e78500000] [id=948]
  0x00000250a1f9d800 ConcurrentGCThread "G1 Young RemSet Sampling" [stack: 0x0000005e78500000,0x0000005e78600000] [id=7080]

Threads with active compile tasks:

VM state:at safepoint (normal execution)

VM Mutex/Monitor currently owned by a thread:  ([mutex/lock_event])
[0x00000250fe0c8c40] Threads_lock - owner thread: 0x00000250a20a9000
[0x00000250fe0c87c0] Heap_lock - owner thread: 0x00000250fe0cc000

Heap address: 0x0000000702600000, size: 4058 MB, Compressed Oops mode: Zero based, Oop shift amount: 3
Narrow klass base: 0x0000000800000000, Narrow klass shift: 3
Compressed class space size: 1073741824 Address: 0x0000000800b40000

Heap:
 garbage-first heap   total 132096K, used 9207K [0x0000000702600000, 0x0000000800000000)
  region size 1024K, 1 young (1024K), 1 survivors (1024K)
 Metaspace       used 3007K, capacity 6124K, committed 6400K, reserved 1056768K
  class space    used 177K, capacity 495K, committed 512K, reserved 1048576K
Heap Regions: E=young(eden), S=young(survivor), O=old, HS=humongous(starts), HC=humongous(continues), CS=collection set, F=free, A=archive, TAMS=top-at-mark-start (previous, next)
|   0|0x0000000702600000, 0x0000000702700000, 0x0000000702700000|100%| O|  |TAMS 0x0000000702700000, 0x0000000702700000| Untracked 
|   1|0x0000000702700000, 0x0000000702700000, 0x0000000702800000|  0%| F|  |TAMS 0x0000000702700000, 0x0000000702700000| Untracked 
|   2|0x0000000702800000, 0x0000000702800000, 0x0000000702900000|  0%| F|  |TAMS 0x0000000702800000, 0x0000000702800000| Untracked 
|   3|0x0000000702900000, 0x0000000702900000, 0x0000000702a00000|  0%| F|  |TAMS 0x0000000702900000, 0x0000000702900000| Untracked 
|   4|0x0000000702a00000, 0x0000000702a00000, 0x0000000702b00000|  0%| F|  |TAMS 0x0000000702a00000, 0x0000000702a00000| Untracked 
|   5|0x0000000702b00000, 0x0000000702c00000, 0x0000000702c00000|100%| O|  |TAMS 0x0000000702c00000, 0x0000000702c00000| Untracked 
|   6|0x0000000702c00000, 0x0000000702c00000, 0x0000000702d00000|  0%| F|  |TAMS 0x0000000702c00000, 0x0000000702c00000| Untracked 
|   7|0x0000000702d00000, 0x0000000702d00000, 0x0000000702e00000|  0%| F|  |TAMS 0x0000000702d00000, 0x0000000702d00000| Untracked 
|   8|0x0000000702e00000, 0x0000000702e00000, 0x0000000702f00000|  0%| F|  |TAMS 0x0000000702e00000, 0x0000000702e00000| Untracked 
|   9|0x0000000702f00000, 0x0000000702f00000, 0x0000000703000000|  0%| F|  |TAMS 0x0000000702f00000, 0x0000000702f00000| Untracked 
|  10|0x0000000703000000, 0x0000000703000000, 0x0000000703100000|  0%| F|  |TAMS 0x0000000703000000, 0x0000000703000000| Untracked 
|  11|0x0000000703100000, 0x0000000703100000, 0x0000000703200000|  0%| F|  |TAMS 0x0000000703100000, 0x0000000703100000| Untracked 
|  12|0x0000000703200000, 0x0000000703300000, 0x0000000703300000|100%| O|  |TAMS 0x0000000703300000, 0x0000000703300000| Untracked 
|  13|0x0000000703300000, 0x0000000703300000, 0x0000000703400000|  0%| F|  |TAMS 0x0000000703300000, 0x0000000703300000| Untracked 
|  14|0x0000000703400000, 0x0000000703400000, 0x0000000703500000|  0%| F|  |TAMS 0x0000000703400000, 0x0000000703400000| Untracked 
|  15|0x0000000703500000, 0x0000000703500000, 0x0000000703600000|  0%| F|  |TAMS 0x0000000703500000, 0x0000000703500000| Untracked 
|  16|0x0000000703600000, 0x0000000703600000, 0x0000000703700000|  0%| F|  |TAMS 0x0000000703600000, 0x0000000703600000| Untracked 
|  17|0x0000000703700000, 0x0000000703700000, 0x0000000703800000|  0%| F|  |TAMS 0x0000000703700000, 0x0000000703700000| Untracked 
|  18|0x0000000703800000, 0x0000000703802400, 0x0000000703900000|  0%| O|  |TAMS 0x0000000703802400, 0x0000000703802400| Untracked 
|  19|0x0000000703900000, 0x0000000703901200, 0x0000000703a00000|  0%| O|  |TAMS 0x0000000703901200, 0x0000000703901200| Untracked 
|  20|0x0000000703a00000, 0x0000000703a02e00, 0x0000000703b00000|  1%| O|  |TAMS 0x0000000703a02e00, 0x0000000703a02e00| Untracked 
|  21|0x0000000703b00000, 0x0000000703b04000, 0x0000000703c00000|  1%| O|  |TAMS 0x0000000703b01c00, 0x0000000703b02e00| Untracked 
|  22|0x0000000703c00000, 0x0000000703c00000, 0x0000000703d00000|  0%| F|  |TAMS 0x0000000703c00000, 0x0000000703c00000| Untracked 
|  23|0x0000000703d00000, 0x0000000703e00000, 0x0000000703e00000|100%| O|  |TAMS 0x0000000703e00000, 0x0000000703e00000| Untracked 
|  24|0x0000000703e00000, 0x0000000703e00000, 0x0000000703f00000|  0%| F|  |TAMS 0x0000000703e00000, 0x0000000703e00000| Untracked 
|  25|0x0000000703f00000, 0x0000000703f00000, 0x0000000704000000|  0%| F|  |TAMS 0x0000000703f00000, 0x0000000703f00000| Untracked 
|  26|0x0000000704000000, 0x0000000704000000, 0x0000000704100000|  0%| F|  |TAMS 0x0000000704000000, 0x0000000704000000| Untracked 
|  27|0x0000000704100000, 0x0000000704100000, 0x0000000704200000|  0%| F|  |TAMS 0x0000000704100000, 0x0000000704100000| Untracked 
|  28|0x0000000704200000, 0x0000000704200000, 0x0000000704300000|  0%| F|  |TAMS 0x0000000704200000, 0x0000000704200000| Untracked 
|  29|0x0000000704300000, 0x0000000704300000, 0x0000000704400000|  0%| F|  |TAMS 0x0000000704300000, 0x0000000704300000| Untracked 
|  30|0x0000000704400000, 0x0000000704400000, 0x0000000704500000|  0%| F|  |TAMS 0x0000000704400000, 0x0000000704400000| Untracked 
|  31|0x0000000704500000, 0x0000000704500000, 0x0000000704600000|  0%| F|  |TAMS 0x0000000704500000, 0x0000000704500000| Untracked 
|  32|0x0000000704600000, 0x0000000704600000, 0x0000000704700000|  0%| F|  |TAMS 0x0000000704600000, 0x0000000704600000| Untracked 
|  33|0x0000000704700000, 0x0000000704800000, 0x0000000704800000|100%| O|  |TAMS 0x0000000704800000, 0x0000000704800000| Untracked 
|  34|0x0000000704800000, 0x0000000704800000, 0x0000000704900000|  0%| F|  |TAMS 0x0000000704800000, 0x0000000704800000| Untracked 
|  35|0x0000000704900000, 0x0000000704900000, 0x0000000704a00000|  0%| F|  |TAMS 0x0000000704900000, 0x0000000704900000| Untracked 
|  36|0x0000000704a00000, 0x0000000704a00000, 0x0000000704b00000|  0%| F|  |TAMS 0x0000000704a00000, 0x0000000704a00000| Untracked 
|  37|0x0000000704b00000, 0x0000000704b00000, 0x0000000704c00000|  0%| F|  |TAMS 0x0000000704b00000, 0x0000000704b00000| Untracked 
|  38|0x0000000704c00000, 0x0000000704c00000, 0x0000000704d00000|  0%| F|  |TAMS 0x0000000704c00000, 0x0000000704c00000| Untracked 
|  39|0x0000000704d00000, 0x0000000704d00000, 0x0000000704e00000|  0%| F|  |TAMS 0x0000000704d00000, 0x0000000704d00000| Untracked 
|  40|0x0000000704e00000, 0x0000000704e00000, 0x0000000704f00000|  0%| F|  |TAMS 0x0000000704e00000, 0x0000000704e00000| Untracked 
|  41|0x0000000704f00000, 0x0000000704f00000, 0x0000000705000000|  0%| F|  |TAMS 0x0000000704f00000, 0x0000000704f00000| Untracked 
|  42|0x0000000705000000, 0x0000000705000000, 0x0000000705100000|  0%| F|  |TAMS 0x0000000705000000, 0x0000000705000000| Untracked 
|  43|0x0000000705100000, 0x0000000705100000, 0x0000000705200000|  0%| F|  |TAMS 0x0000000705100000, 0x0000000705100000| Untracked 
|  44|0x0000000705200000, 0x0000000705200000, 0x0000000705300000|  0%| F|  |TAMS 0x0000000705200000, 0x0000000705200000| Untracked 
|  45|0x0000000705300000, 0x0000000705300000, 0x0000000705400000|  0%| F|  |TAMS 0x0000000705300000, 0x0000000705300000| Untracked 
|  46|0x0000000705400000, 0x00000007054ec800, 0x0000000705500000| 92%| O|  |TAMS 0x00000007054ec800, 0x00000007054ec800| Untracked 
|  47|0x0000000705500000, 0x0000000705500000, 0x0000000705600000|  0%| F|  |TAMS 0x0000000705500000, 0x0000000705500000| Untracked 
|  48|0x0000000705600000, 0x0000000705600000, 0x0000000705700000|  0%| F|  |TAMS 0x0000000705600000, 0x0000000705600000| Untracked 
|  49|0x0000000705700000, 0x0000000705700000, 0x0000000705800000|  0%| F|  |TAMS 0x0000000705700000, 0x0000000705700000| Untracked 
|  50|0x0000000705800000, 0x0000000705800000, 0x0000000705900000|  0%| F|  |TAMS 0x0000000705800000, 0x0000000705800000| Untracked 
|  51|0x0000000705900000, 0x0000000705900000, 0x0000000705a00000|  0%| F|  |TAMS 0x0000000705900000, 0x0000000705900000| Untracked 
|  52|0x0000000705a00000, 0x0000000705a00000, 0x0000000705b00000|  0%| F|  |TAMS 0x0000000705a00000, 0x0000000705a00000| Untracked 
|  53|0x0000000705b00000, 0x0000000705b00000, 0x0000000705c00000|  0%| F|  |TAMS 0x0000000705b00000, 0x0000000705b00000| Untracked 
|  54|0x0000000705c00000, 0x0000000705c00000, 0x0000000705d00000|  0%| F|  |TAMS 0x0000000705c00000, 0x0000000705c00000| Untracked 
|  55|0x0000000705d00000, 0x0000000705d00000, 0x0000000705e00000|  0%| F|  |TAMS 0x0000000705d00000, 0x0000000705d00000| Untracked 
|  56|0x0000000705e00000, 0x0000000705e00000, 0x0000000705f00000|  0%| F|  |TAMS 0x0000000705e00000, 0x0000000705e00000| Untracked 
|  57|0x0000000705f00000, 0x0000000705f00000, 0x0000000706000000|  0%| F|  |TAMS 0x0000000705f00000, 0x0000000705f00000| Untracked 
|  58|0x0000000706000000, 0x0000000706000000, 0x0000000706100000|  0%| F|  |TAMS 0x0000000706000000, 0x0000000706000000| Untracked 
|  59|0x0000000706100000, 0x0000000706100000, 0x0000000706200000|  0%| F|  |TAMS 0x0000000706100000, 0x0000000706100000| Untracked 
|  60|0x0000000706200000, 0x0000000706200000, 0x0000000706300000|  0%| F|  |TAMS 0x0000000706200000, 0x0000000706200000| Untracked 
|  61|0x0000000706300000, 0x0000000706300000, 0x0000000706400000|  0%| F|  |TAMS 0x0000000706300000, 0x0000000706300000| Untracked 
|  62|0x0000000706400000, 0x0000000706400000, 0x0000000706500000|  0%| F|  |TAMS 0x0000000706400000, 0x0000000706400000| Untracked 
|  63|0x0000000706500000, 0x0000000706500000, 0x0000000706600000|  0%| F|  |TAMS 0x0000000706500000, 0x0000000706500000| Untracked 
|  64|0x0000000706600000, 0x0000000706600000, 0x0000000706700000|  0%| F|  |TAMS 0x0000000706600000, 0x0000000706600000| Untracked 
|  65|0x0000000706700000, 0x0000000706700000, 0x0000000706800000|  0%| F|  |TAMS 0x0000000706700000, 0x0000000706700000| Untracked 
|  66|0x0000000706800000, 0x0000000706800000, 0x0000000706900000|  0%| F|  |TAMS 0x0000000706800000, 0x0000000706800000| Untracked 
|  67|0x0000000706900000, 0x0000000706900000, 0x0000000706a00000|  0%| F|  |TAMS 0x0000000706900000, 0x0000000706900000| Untracked 
|  68|0x0000000706a00000, 0x0000000706a00000, 0x0000000706b00000|  0%| F|  |TAMS 0x0000000706a00000, 0x0000000706a00000| Untracked 
|  69|0x0000000706b00000, 0x0000000706b00000, 0x0000000706c00000|  0%| F|  |TAMS 0x0000000706b00000, 0x0000000706b00000| Untracked 
|  70|0x0000000706c00000, 0x0000000706c00000, 0x0000000706d00000|  0%| F|  |TAMS 0x0000000706c00000, 0x0000000706c00000| Untracked 
|  71|0x0000000706d00000, 0x0000000706d00000, 0x0000000706e00000|  0%| F|  |TAMS 0x0000000706d00000, 0x0000000706d00000| Untracked 
|  72|0x0000000706e00000, 0x0000000706e00000, 0x0000000706f00000|  0%| F|  |TAMS 0x0000000706e00000, 0x0000000706e00000| Untracked 
|  73|0x0000000706f00000, 0x0000000706f00000, 0x0000000707000000|  0%| F|  |TAMS 0x0000000706f00000, 0x0000000706f00000| Untracked 
|  74|0x0000000707000000, 0x0000000707000000, 0x0000000707100000|  0%| F|  |TAMS 0x0000000707000000, 0x0000000707000000| Untracked 
|  75|0x0000000707100000, 0x0000000707100000, 0x0000000707200000|  0%| F|  |TAMS 0x0000000707100000, 0x0000000707100000| Untracked 
|  76|0x0000000707200000, 0x0000000707200000, 0x0000000707300000|  0%| F|  |TAMS 0x0000000707200000, 0x0000000707200000| Untracked 
|  77|0x0000000707300000, 0x0000000707300000, 0x0000000707400000|  0%| F|  |TAMS 0x0000000707300000, 0x0000000707300000| Untracked 
|  78|0x0000000707400000, 0x0000000707400000, 0x0000000707500000|  0%| F|  |TAMS 0x0000000707400000, 0x0000000707400000| Untracked 
|  79|0x0000000707500000, 0x0000000707500000, 0x0000000707600000|  0%| F|  |TAMS 0x0000000707500000, 0x0000000707500000| Untracked 
|  80|0x0000000707600000, 0x0000000707600000, 0x0000000707700000|  0%| F|  |TAMS 0x0000000707600000, 0x0000000707600000| Untracked 
|  81|0x0000000707700000, 0x0000000707700000, 0x0000000707800000|  0%| F|  |TAMS 0x0000000707700000, 0x0000000707700000| Untracked 
|  82|0x0000000707800000, 0x0000000707800000, 0x0000000707900000|  0%| F|  |TAMS 0x0000000707800000, 0x0000000707800000| Untracked 
|  83|0x0000000707900000, 0x0000000707900000, 0x0000000707a00000|  0%| F|  |TAMS 0x0000000707900000, 0x0000000707900000| Untracked 
|  84|0x0000000707a00000, 0x0000000707af8c00, 0x0000000707b00000| 97%| O|  |TAMS 0x0000000707af8c00, 0x0000000707af8c00| Untracked 
|  85|0x0000000707b00000, 0x0000000707c00000, 0x0000000707c00000|100%| O|  |TAMS 0x0000000707c00000, 0x0000000707c00000| Untracked 
|  86|0x0000000707c00000, 0x0000000707c00000, 0x0000000707d00000|  0%| F|  |TAMS 0x0000000707c00000, 0x0000000707c00000| Untracked 
|  87|0x0000000707d00000, 0x0000000707d00000, 0x0000000707e00000|  0%| F|  |TAMS 0x0000000707d00000, 0x0000000707d00000| Untracked 
|  88|0x0000000707e00000, 0x0000000707e00000, 0x0000000707f00000|  0%| F|  |TAMS 0x0000000707e00000, 0x0000000707e00000| Untracked 
|  89|0x0000000707f00000, 0x0000000707f00000, 0x0000000708000000|  0%| F|  |TAMS 0x0000000707f00000, 0x0000000707f00000| Untracked 
|  90|0x0000000708000000, 0x0000000708000000, 0x0000000708100000|  0%| F|  |TAMS 0x0000000708000000, 0x0000000708000000| Untracked 
|  91|0x0000000708100000, 0x0000000708100000, 0x0000000708200000|  0%| F|  |TAMS 0x0000000708100000, 0x0000000708100000| Untracked 
|  92|0x0000000708200000, 0x0000000708200000, 0x0000000708300000|  0%| F|  |TAMS 0x0000000708200000, 0x0000000708200000| Untracked 
|  93|0x0000000708300000, 0x0000000708300000, 0x0000000708400000|  0%| F|  |TAMS 0x0000000708300000, 0x0000000708300000| Untracked 
|  94|0x0000000708400000, 0x0000000708400000, 0x0000000708500000|  0%| F|  |TAMS 0x0000000708400000, 0x0000000708400000| Untracked 
|  95|0x0000000708500000, 0x00000007085f9000, 0x0000000708600000| 97%| O|  |TAMS 0x00000007085f9000, 0x00000007085f9000| Untracked 
|  96|0x0000000708600000, 0x0000000708600000, 0x0000000708700000|  0%| F|  |TAMS 0x0000000708600000, 0x0000000708600000| Untracked 
|  97|0x0000000708700000, 0x0000000708702850, 0x0000000708800000|  0%| S|CS|TAMS 0x0000000708700000, 0x0000000708700000| Complete 
|  98|0x0000000708800000, 0x0000000708800000, 0x0000000708900000|  0%| F|  |TAMS 0x0000000708800000, 0x0000000708800000| Untracked 
|  99|0x0000000708900000, 0x0000000708900000, 0x0000000708a00000|  0%| F|  |TAMS 0x0000000708900000, 0x0000000708900000| Untracked 
| 100|0x0000000708a00000, 0x0000000708a00000, 0x0000000708b00000|  0%| F|  |TAMS 0x0000000708a00000, 0x0000000708a00000| Untracked 
| 101|0x0000000708b00000, 0x0000000708b00000, 0x0000000708c00000|  0%| F|  |TAMS 0x0000000708b00000, 0x0000000708b00000| Untracked 
| 102|0x0000000708c00000, 0x0000000708c00000, 0x0000000708d00000|  0%| F|  |TAMS 0x0000000708c00000, 0x0000000708c00000| Untracked 
| 103|0x0000000708d00000, 0x0000000708d12e00, 0x0000000708e00000|  7%| O|  |TAMS 0x0000000708d12e00, 0x0000000708d12e00| Untracked 
| 104|0x0000000708e00000, 0x0000000708e00000, 0x0000000708f00000|  0%| F|  |TAMS 0x0000000708e00000, 0x0000000708e00000| Untracked 
| 105|0x0000000708f00000, 0x0000000708f00000, 0x0000000709000000|  0%| F|  |TAMS 0x0000000708f00000, 0x0000000708f00000| Untracked 
| 106|0x0000000709000000, 0x0000000709000000, 0x0000000709100000|  0%| F|  |TAMS 0x0000000709000000, 0x0000000709000000| Untracked 
| 107|0x0000000709100000, 0x0000000709100000, 0x0000000709200000|  0%| F|  |TAMS 0x0000000709100000, 0x0000000709100000| Untracked 
| 108|0x0000000709200000, 0x0000000709200000, 0x0000000709300000|  0%| F|  |TAMS 0x0000000709200000, 0x0000000709200000| Untracked 
| 109|0x0000000709300000, 0x0000000709300000, 0x0000000709400000|  0%| F|  |TAMS 0x0000000709300000, 0x0000000709300000| Untracked 
| 110|0x0000000709400000, 0x0000000709400000, 0x0000000709500000|  0%| F|  |TAMS 0x0000000709400000, 0x0000000709400000| Untracked 
| 111|0x0000000709500000, 0x0000000709500000, 0x0000000709600000|  0%| F|  |TAMS 0x0000000709500000, 0x0000000709500000| Untracked 
| 112|0x0000000709600000, 0x0000000709600000, 0x0000000709700000|  0%| F|  |TAMS 0x0000000709600000, 0x0000000709600000| Untracked 
| 113|0x0000000709700000, 0x0000000709700000, 0x0000000709800000|  0%| F|  |TAMS 0x0000000709700000, 0x0000000709700000| Untracked 
| 114|0x0000000709800000, 0x0000000709800000, 0x0000000709900000|  0%| F|  |TAMS 0x0000000709800000, 0x0000000709800000| Untracked 
| 115|0x0000000709900000, 0x0000000709900000, 0x0000000709a00000|  0%| F|  |TAMS 0x0000000709900000, 0x0000000709900000| Untracked 
| 352|0x0000000718600000, 0x0000000718600000, 0x0000000718700000|  0%| F|  |TAMS 0x0000000718600000, 0x0000000718600000| Untracked 
| 353|0x0000000718700000, 0x0000000718700000, 0x0000000718800000|  0%| F|  |TAMS 0x0000000718700000, 0x0000000718700000| Untracked 
| 354|0x0000000718800000, 0x0000000718800000, 0x0000000718900000|  0%| F|  |TAMS 0x0000000718800000, 0x0000000718800000| Untracked 
| 355|0x0000000718900000, 0x0000000718900000, 0x0000000718a00000|  0%| F|  |TAMS 0x0000000718900000, 0x0000000718900000| Untracked 

Card table byte_map: [0x00000250feff0000,0x00000250ff7e0000] _byte_map_base: 0x00000250fb7dd000

Marking Bits (Prev, Next): (CMBitMap*) 0x00000250fe138768, (CMBitMap*) 0x00000250fe138728
 Prev Bits: [0x000002509b3a0000, 0x000002509f308000)
 Next Bits: [0x0000025097430000, 0x000002509b398000)

Polling page: 0x00000250fbff0000

Metaspace:

Usage:
  Non-class:      5.50 MB capacity,     2.76 MB ( 50%) used,     2.73 MB ( 50%) free+waste,     2.50 KB ( <1%) overhead. 
      Class:    495.00 KB capacity,   177.92 KB ( 36%) used,   316.20 KB ( 64%) free+waste,   896 bytes ( <1%) overhead. 
       Both:      5.98 MB capacity,     2.94 MB ( 49%) used,     3.04 MB ( 51%) free+waste,     3.38 KB ( <1%) overhead. 

Virtual space:
  Non-class space:        8.00 MB reserved,       5.75 MB ( 72%) committed 
      Class space:        1.00 GB reserved,     512.00 KB ( <1%) committed 
             Both:        1.01 GB reserved,       6.25 MB ( <1%) committed 

Chunk freelists:
   Non-Class:  131.00 KB
       Class:  17.00 KB
        Both:  148.00 KB

MaxMetaspaceSize: 17179869184.00 GB
CompressedClassSpaceSize: 1.00 GB

CodeHeap 'non-profiled nmethods': size=120000Kb used=673Kb max_used=673Kb free=119327Kb
 bounds [0x000002508ff00000, 0x0000025090170000, 0x0000025097430000]
CodeHeap 'profiled nmethods': size=120000Kb used=1161Kb max_used=1479Kb free=118838Kb
 bounds [0x00000250889d0000, 0x0000025088c40000, 0x000002508ff00000]
CodeHeap 'non-nmethods': size=5760Kb used=1213Kb max_used=1248Kb free=4547Kb
 bounds [0x0000025088430000, 0x00000250886a0000, 0x00000250889d0000]
 total_blobs=2183 nmethods=820 adapters=385
 compilation: enabled
              stopped_count=0, restarted_count=0
 full_count=0

Compilation events (20 events):
Event: 122.465 Thread 0x00000250a2958800 1005       3       java.nio.ByteBuffer::array (35 bytes)
Event: 122.465 Thread 0x00000250a2958800 nmethod 1005 0x0000025088a17c10 code [0x0000025088a17de0, 0x0000025088a18140]
Event: 129.534 Thread 0x00000250a2958800 1007   !   3       java.io.BufferedWriter::write (117 bytes)
Event: 129.535 Thread 0x00000250a2958800 nmethod 1007 0x0000025088ac0910 code [0x0000025088ac0b20, 0x0000025088ac1290]
Event: 129.535 Thread 0x00000250a2958800 1006       3       java.io.Writer::write (11 bytes)
Event: 129.535 Thread 0x00000250a2958800 nmethod 1006 0x0000025088a93510 code [0x0000025088a936e0, 0x0000025088a93a50]
Event: 129.535 Thread 0x00000250a2958800 1008       3       java.io.PrintStream::ensureOpen (18 bytes)
Event: 129.536 Thread 0x00000250a2958800 nmethod 1008 0x0000025088aa7990 code [0x0000025088aa7b40, 0x0000025088aa7dd0]
Event: 160.794 Thread 0x00000250a2951800 1009 %     4       java.util.HashMap::resize @ 151 (356 bytes)
Event: 160.804 Thread 0x00000250a2951800 nmethod 1009% 0x000002508ffa7510 code [0x000002508ffa76c0, 0x000002508ffa8138]
Event: 194.430 Thread 0x00000250a2958800 1010  s    3       java.io.BufferedOutputStream::flush (12 bytes)
Event: 194.431 Thread 0x00000250a2958800 nmethod 1010 0x00000250889e9490 code [0x00000250889e9660, 0x00000250889e9be0]
Event: 194.431 Thread 0x00000250a2958800 1011       3       java.io.BufferedOutputStream::flushBuffer (29 bytes)
Event: 194.431 Thread 0x00000250a2958800 nmethod 1011 0x0000025088a26a90 code [0x0000025088a26c40, 0x0000025088a26f10]
Event: 194.431 Thread 0x00000250a2958800 1012       3       java.io.OutputStream::flush (1 bytes)
Event: 194.431 Thread 0x00000250a2958800 nmethod 1012 0x0000025088a32d10 code [0x0000025088a32ea0, 0x0000025088a33018]
Event: 199.518 Thread 0x00000250a2958800 1013       3       java.lang.Integer::stringSize (47 bytes)
Event: 199.518 Thread 0x00000250a2958800 nmethod 1013 0x0000025088a27510 code [0x0000025088a276c0, 0x0000025088a27958]
Event: 199.518 Thread 0x00000250a2958800 1014       3       java.lang.Integer::getChars (131 bytes)
Event: 199.518 Thread 0x00000250a2958800 nmethod 1014 0x0000025088a13f90 code [0x0000025088a14160, 0x0000025088a145f8]

GC Heap History (20 events):
Event: 200.979 GC heap after
{Heap after GC invocations=17772 (full 0):
 garbage-first heap   total 96256K, used 9164K [0x0000000702600000, 0x0000000800000000)
  region size 1024K, 1 young (1024K), 1 survivors (1024K)
 Metaspace       used 3007K, capacity 6124K, committed 6400K, reserved 1056768K
  class space    used 177K, capacity 495K, committed 512K, reserved 1048576K
}
Event: 201.003 GC heap before
{Heap before GC invocations=17773 (full 0):
 garbage-first heap   total 96256K, used 30668K [0x0000000702600000, 0x0000000800000000)
  region size 1024K, 8 young (8192K), 1 survivors (1024K)
 Metaspace       used 3007K, capacity 6124K, committed 6400K, reserved 1056768K
  class space    used 177K, capacity 495K, committed 512K, reserved 1048576K
}
Event: 201.003 GC heap after
{Heap after GC invocations=17774 (full 0):
 garbage-first heap   total 96256K, used 9171K [0x0000000702600000, 0x0000000800000000)
  region size 1024K, 1 young (1024K), 1 survivors (1024K)
 Metaspace       used 3007K, capacity 6124K, committed 6400K, reserved 1056768K
  class space    used 177K, capacity 495K, committed 512K, reserved 1048576K
}
Event: 201.027 GC heap before
{Heap before GC invocations=17775 (full 0):
 garbage-first heap   total 96256K, used 30675K [0x0000000702600000, 0x0000000800000000)
  region size 1024K, 8 young (8192K), 1 survivors (1024K)
 Metaspace       used 3007K, capacity 6124K, committed 6400K, reserved 1056768K
  class space    used 177K, capacity 495K, committed 512K, reserved 1048576K
}
Event: 201.027 GC heap after
{Heap after GC invocations=17776 (full 0):
 garbage-first heap   total 115712K, used 9173K [0x0000000702600000, 0x0000000800000000)
  region size 1024K, 1 young (1024K), 1 survivors (1024K)
 Metaspace       used 3007K, capacity 6124K, committed 6400K, reserved 1056768K
  class space    used 177K, capacity 495K, committed 512K, reserved 1048576K
}
Event: 201.050 GC heap before
{Heap before GC invocations=17777 (full 0):
 garbage-first heap   total 106496K, used 30677K [0x0000000702600000, 0x0000000800000000)
  region size 1024K, 8 young (8192K), 1 survivors (1024K)
 Metaspace       used 3007K, capacity 6124K, committed 6400K, reserved 1056768K
  class space    used 177K, capacity 495K, committed 512K, reserved 1048576K
}
Event: 201.050 GC heap after
{Heap after GC invocations=17778 (full 0):
 garbage-first heap   total 106496K, used 9178K [0x0000000702600000, 0x0000000800000000)
  region size 1024K, 1 young (1024K), 1 survivors (1024K)
 Metaspace       used 3007K, capacity 6124K, committed 6400K, reserved 1056768K
  class space    used 177K, capacity 495K, committed 512K, reserved 1048576K
}
Event: 201.074 GC heap before
{Heap before GC invocations=17779 (full 0):
 garbage-first heap   total 102400K, used 30682K [0x0000000702600000, 0x0000000800000000)
  region size 1024K, 8 young (8192K), 1 survivors (1024K)
 Metaspace       used 3007K, capacity 6124K, committed 6400K, reserved 1056768K
  class space    used 177K, capacity 495K, committed 512K, reserved 1048576K
}
Event: 201.074 GC heap after
{Heap after GC invocations=17780 (full 0):
 garbage-first heap   total 102400K, used 9184K [0x0000000702600000, 0x0000000800000000)
  region size 1024K, 1 young (1024K), 1 survivors (1024K)
 Metaspace       used 3007K, capacity 6124K, committed 6400K, reserved 1056768K
  class space    used 177K, capacity 495K, committed 512K, reserved 1048576K
}
Event: 201.091 GC heap before
{Heap before GC invocations=17781 (full 0):
 garbage-first heap   total 102400K, used 30688K [0x0000000702600000, 0x0000000800000000)
  region size 1024K, 8 young (8192K), 1 survivors (1024K)
 Metaspace       used 3007K, capacity 6124K, committed 6400K, reserved 1056768K
  class space    used 177K, capacity 495K, committed 512K, reserved 1048576K
}
Event: 201.092 GC heap after
{Heap after GC invocations=17782 (full 0):
 garbage-first heap   total 102400K, used 9185K [0x0000000702600000, 0x0000000800000000)
  region size 1024K, 1 young (1024K), 1 survivors (1024K)
 Metaspace       used 3007K, capacity 6124K, committed 6400K, reserved 1056768K
  class space    used 177K, capacity 495K, committed 512K, reserved 1048576K
}
Event: 201.114 GC heap before
{Heap before GC invocations=17783 (full 0):
 garbage-first heap   total 102400K, used 30689K [0x0000000702600000, 0x0000000800000000)
  region size 1024K, 8 young (8192K), 1 survivors (1024K)
 Metaspace       used 3007K, capacity 6124K, committed 6400K, reserved 1056768K
  class space    used 177K, capacity 495K, committed 512K, reserved 1048576K
}
Event: 201.115 GC heap after
{Heap after GC invocations=17784 (full 0):
 garbage-first heap   total 122880K, used 9191K [0x0000000702600000, 0x0000000800000000)
  region size 1024K, 1 young (1024K), 1 survivors (1024K)
 Metaspace       used 3007K, capacity 6124K, committed 6400K, reserved 1056768K
  class space    used 177K, capacity 495K, committed 512K, reserved 1048576K
}
Event: 201.136 GC heap before
{Heap before GC invocations=17785 (full 0):
 garbage-first heap   total 109568K, used 30695K [0x0000000702600000, 0x0000000800000000)
  region size 1024K, 8 young (8192K), 1 survivors (1024K)
 Metaspace       used 3007K, capacity 6124K, committed 6400K, reserved 1056768K
  class space    used 177K, capacity 495K, committed 512K, reserved 1048576K
}
Event: 201.137 GC heap after
{Heap after GC invocations=17786 (full 0):
 garbage-first heap   total 109568K, used 9196K [0x0000000702600000, 0x0000000800000000)
  region size 1024K, 1 young (1024K), 1 survivors (1024K)
 Metaspace       used 3007K, capacity 6124K, committed 6400K, reserved 1056768K
  class space    used 177K, capacity 495K, committed 512K, reserved 1048576K
}
Event: 201.160 GC heap before
{Heap before GC invocations=17787 (full 0):
 garbage-first heap   total 109568K, used 30700K [0x0000000702600000, 0x0000000800000000)
  region size 1024K, 8 young (8192K), 1 survivors (1024K)
 Metaspace       used 3007K, capacity 6124K, committed 6400K, reserved 1056768K
  class space    used 177K, capacity 495K, committed 512K, reserved 1048576K
}
Event: 201.160 GC heap after
{Heap after GC invocations=17788 (full 0):
 garbage-first heap   total 109568K, used 9198K [0x0000000702600000, 0x0000000800000000)
  region size 1024K, 1 young (1024K), 1 survivors (1024K)
 Metaspace       used 3007K, capacity 6124K, committed 6400K, reserved 1056768K
  class space    used 177K, capacity 495K, committed 512K, reserved 1048576K
}
Event: 201.189 GC heap before
{Heap before GC invocations=17789 (full 0):
 garbage-first heap   total 109568K, used 30702K [0x0000000702600000, 0x0000000800000000)
  region size 1024K, 8 young (8192K), 1 survivors (1024K)
 Metaspace       used 3007K, capacity 6124K, committed 6400K, reserved 1056768K
  class space    used 177K, capacity 495K, committed 512K, reserved 1048576K
}
Event: 201.189 GC heap after
{Heap after GC invocations=17790 (full 0):
 garbage-first heap   total 109568K, used 9201K [0x0000000702600000, 0x0000000800000000)
  region size 1024K, 1 young (1024K), 1 survivors (1024K)
 Metaspace       used 3007K, capacity 6124K, committed 6400K, reserved 1056768K
  class space    used 177K, capacity 495K, committed 512K, reserved 1048576K
}
Event: 201.215 GC heap before
{Heap before GC invocations=17791 (full 0):
 garbage-first heap   total 109568K, used 30705K [0x0000000702600000, 0x0000000800000000)
  region size 1024K, 8 young (8192K), 1 survivors (1024K)
 Metaspace       used 3007K, capacity 6124K, committed 6400K, reserved 1056768K
  class space    used 177K, capacity 495K, committed 512K, reserved 1048576K
}

Deoptimization events (20 events):
Event: 0.503 Thread 0x00000250fe0cc000 DEOPT PACKING pc=0x0000025088a5d662 sp=0x0000005e780ff120
Event: 0.503 Thread 0x00000250fe0cc000 DEOPT UNPACKING pc=0x000002508847964e sp=0x0000005e780fe5f8 mode 0
Event: 0.511 Thread 0x00000250fe0cc000 DEOPT PACKING pc=0x0000025088a5d662 sp=0x0000005e780ff120
Event: 0.511 Thread 0x00000250fe0cc000 DEOPT UNPACKING pc=0x000002508847964e sp=0x0000005e780fe5f8 mode 0
Event: 0.522 Thread 0x00000250fe0cc000 DEOPT PACKING pc=0x0000025088a5d662 sp=0x0000005e780ff120
Event: 0.522 Thread 0x00000250fe0cc000 DEOPT UNPACKING pc=0x000002508847964e sp=0x0000005e780fe5f8 mode 0
Event: 0.716 Thread 0x00000250fe0cc000 DEOPT PACKING pc=0x0000025088a971e7 sp=0x0000005e780fea70
Event: 0.716 Thread 0x00000250fe0cc000 DEOPT UNPACKING pc=0x000002508847964e sp=0x0000005e780fdf00 mode 0
Event: 15.998 Thread 0x00000250fe0cc000 DEOPT PACKING pc=0x0000025088abe2b8 sp=0x0000005e780fe8e0
Event: 15.998 Thread 0x00000250fe0cc000 DEOPT UNPACKING pc=0x000002508847964e sp=0x0000005e780fde28 mode 0
Event: 16.782 Thread 0x00000250fe0cc000 DEOPT PACKING pc=0x0000025088b41d22 sp=0x0000005e780ff060
Event: 16.782 Thread 0x00000250fe0cc000 DEOPT UNPACKING pc=0x000002508847964e sp=0x0000005e780fe5e0 mode 0
Event: 70.931 Thread 0x00000250fe0cc000 Uncommon trap: trap_request=0xffffff3d fr.pc=0x000002508ff77900 relative=0x0000000000000240
Event: 70.931 Thread 0x00000250fe0cc000 Uncommon trap: reason=unstable_fused_if action=reinterpret pc=0x000002508ff77900 method=java.io.WinNTFileSystem.isLetter(C)Z @ 3 c2
Event: 70.931 Thread 0x00000250fe0cc000 DEOPT PACKING pc=0x000002508ff77900 sp=0x0000005e780fb5d0
Event: 70.931 Thread 0x00000250fe0cc000 DEOPT UNPACKING pc=0x000002508847912f sp=0x0000005e780fb4f0 mode 2
Event: 70.932 Thread 0x00000250fe0cc000 Uncommon trap: trap_request=0xffffffde fr.pc=0x000002508ff6912c relative=0x00000000000006cc
Event: 70.932 Thread 0x00000250fe0cc000 Uncommon trap: reason=class_check action=maybe_recompile pc=0x000002508ff6912c method=jdk.internal.ref.CleanerImpl$PhantomCleanableRef.performCleanup()V @ 4 c2
Event: 70.932 Thread 0x00000250fe0cc000 DEOPT PACKING pc=0x000002508ff6912c sp=0x0000005e780fb570
Event: 70.932 Thread 0x00000250fe0cc000 DEOPT UNPACKING pc=0x000002508847912f sp=0x0000005e780fb4f0 mode 2

Classes unloaded (0 events):
No events

Classes redefined (0 events):
No events

Internal exceptions (0 events):
No events

Events (20 events):
Event: 201.122 Executing VM operation: G1Concurrent done
Event: 201.136 Executing VM operation: G1CollectForAllocation
Event: 201.137 Executing VM operation: G1CollectForAllocation done
Event: 201.142 Executing VM operation: G1Concurrent
Event: 201.143 Executing VM operation: G1Concurrent done
Event: 201.145 Executing VM operation: G1Concurrent
Event: 201.145 Executing VM operation: G1Concurrent done
Event: 201.160 Executing VM operation: G1CollectForAllocation
Event: 201.160 Executing VM operation: G1CollectForAllocation done
Event: 201.165 Executing VM operation: G1Concurrent
Event: 201.166 Executing VM operation: G1Concurrent done
Event: 201.168 Executing VM operation: G1Concurrent
Event: 201.173 Executing VM operation: G1Concurrent done
Event: 201.189 Executing VM operation: G1CollectForAllocation
Event: 201.189 Executing VM operation: G1CollectForAllocation done
Event: 201.194 Executing VM operation: G1Concurrent
Event: 201.195 Executing VM operation: G1Concurrent done
Event: 201.198 Executing VM operation: G1Concurrent
Event: 201.201 Executing VM operation: G1Concurrent done
Event: 201.215 Executing VM operation: G1CollectForAllocation


Dynamic libraries:
0x00007ff7cdc30000 - 0x00007ff7cdc3f000 	C:\Program Files\Java\jdk-13.0.2\bin\javaw.exe
0x00007ff9a0820000 - 0x00007ff9a0a10000 	C:\WINDOWS\SYSTEM32\ntdll.dll
0x00007ff99f120000 - 0x00007ff99f1d2000 	C:\WINDOWS\System32\KERNEL32.DLL
0x00007ff99e520000 - 0x00007ff99e7c5000 	C:\WINDOWS\System32\KERNELBASE.dll
0x00007ff99e390000 - 0x00007ff99e48a000 	C:\WINDOWS\System32\ucrtbase.dll
0x00007ff988780000 - 0x00007ff988798000 	C:\Program Files\Java\jdk-13.0.2\bin\jli.dll
0x00007ff988760000 - 0x00007ff988775000 	C:\Program Files\Java\jdk-13.0.2\bin\VCRUNTIME140.dll
0x00007ff99f1e0000 - 0x00007ff99f283000 	C:\WINDOWS\System32\ADVAPI32.dll
0x00007ff9a0290000 - 0x00007ff9a032e000 	C:\WINDOWS\System32\msvcrt.dll
0x00007ff99f290000 - 0x00007ff99f327000 	C:\WINDOWS\System32\sechost.dll
0x00007ff9a0170000 - 0x00007ff9a028f000 	C:\WINDOWS\System32\RPCRT4.dll
0x00007ff9a0330000 - 0x00007ff9a04c4000 	C:\WINDOWS\System32\USER32.dll
0x00007ff985840000 - 0x00007ff985ac4000 	C:\WINDOWS\WinSxS\amd64_microsoft.windows.common-controls_6595b64144ccf1df_6.0.18362.1379_none_9e7ff3b3e45cc0c4\COMCTL32.dll
0x00007ff99e880000 - 0x00007ff99e8a1000 	C:\WINDOWS\System32\win32u.dll
0x00007ff99e920000 - 0x00007ff99e946000 	C:\WINDOWS\System32\GDI32.dll
0x00007ff99f580000 - 0x00007ff99f8b7000 	C:\WINDOWS\System32\combase.dll
0x00007ff99e1f0000 - 0x00007ff99e388000 	C:\WINDOWS\System32\gdi32full.dll
0x00007ff99e490000 - 0x00007ff99e511000 	C:\WINDOWS\System32\bcryptPrimitives.dll
0x00007ff99d7a0000 - 0x00007ff99d83e000 	C:\WINDOWS\System32\msvcp_win.dll
0x00007ff997cc0000 - 0x00007ff997cca000 	C:\WINDOWS\SYSTEM32\VERSION.dll
0x00007ff99e8d0000 - 0x00007ff99e8fe000 	C:\WINDOWS\System32\IMM32.DLL
0x00007ff9886c0000 - 0x00007ff98875b000 	C:\Program Files\Java\jdk-13.0.2\bin\msvcp140.dll
0x00007ff92cca0000 - 0x00007ff92d7fd000 	C:\Program Files\Java\jdk-13.0.2\bin\server\jvm.dll
0x00007ff99ffb0000 - 0x00007ff99ffb8000 	C:\WINDOWS\System32\PSAPI.DLL
0x00007ff99b9b0000 - 0x00007ff99b9d4000 	C:\WINDOWS\SYSTEM32\WINMM.dll
0x00007ff999f90000 - 0x00007ff999f99000 	C:\WINDOWS\SYSTEM32\WSOCK32.dll
0x00007ff9a04d0000 - 0x00007ff9a053f000 	C:\WINDOWS\System32\WS2_32.dll
0x00007ff99b7f0000 - 0x00007ff99b81d000 	C:\WINDOWS\SYSTEM32\WINMMBASE.dll
0x00007ff99d9f0000 - 0x00007ff99da3a000 	C:\WINDOWS\System32\cfgmgr32.dll
0x00007ff99d700000 - 0x00007ff99d711000 	C:\WINDOWS\System32\kernel.appcore.dll
0x00007ff999f80000 - 0x00007ff999f90000 	C:\Program Files\Java\jdk-13.0.2\bin\verify.dll
0x00007ff981db0000 - 0x00007ff981fa4000 	C:\WINDOWS\SYSTEM32\DBGHELP.DLL
0x00007ff980130000 - 0x00007ff98015a000 	C:\WINDOWS\SYSTEM32\dbgcore.DLL
0x00007ff999f50000 - 0x00007ff999f76000 	C:\Program Files\Java\jdk-13.0.2\bin\java.dll
0x00007ff999f30000 - 0x00007ff999f47000 	C:\Program Files\Java\jdk-13.0.2\bin\zip.dll
0x00007ff999f20000 - 0x00007ff999f2a000 	C:\Program Files\Java\jdk-13.0.2\bin\jimage.dll
0x00007ff99f8c0000 - 0x00007ff99ffa8000 	C:\WINDOWS\System32\SHELL32.dll
0x00007ff9a0730000 - 0x00007ff9a07d7000 	C:\WINDOWS\System32\shcore.dll
0x00007ff99da40000 - 0x00007ff99e1bb000 	C:\WINDOWS\System32\windows.storage.dll
0x00007ff99d770000 - 0x00007ff99d793000 	C:\WINDOWS\System32\profapi.dll
0x00007ff99d720000 - 0x00007ff99d76a000 	C:\WINDOWS\System32\powrprof.dll
0x00007ff99d6d0000 - 0x00007ff99d6e0000 	C:\WINDOWS\System32\UMPDC.dll
0x00007ff9a06d0000 - 0x00007ff9a0722000 	C:\WINDOWS\System32\shlwapi.dll
0x00007ff99e8b0000 - 0x00007ff99e8c7000 	C:\WINDOWS\System32\cryptsp.dll
0x00007ff9995d0000 - 0x00007ff9995e9000 	C:\Program Files\Java\jdk-13.0.2\bin\net.dll
0x00007ff98a9c0000 - 0x00007ff98aab0000 	C:\WINDOWS\SYSTEM32\WINHTTP.dll
0x00007ff99cf10000 - 0x00007ff99cf77000 	C:\WINDOWS\system32\mswsock.dll
0x00007ff998ca0000 - 0x00007ff998cb3000 	C:\Program Files\Java\jdk-13.0.2\bin\nio.dll
0x0000000180000000 - 0x0000000180051000 	C:\Users\Tepop\eclipse-workspace\OpenGL\lib\natives\lwjgl64.dll
0x00007ff988560000 - 0x00007ff9886b6000 	C:\WINDOWS\SYSTEM32\OPENGL32.dll
0x00007ff988530000 - 0x00007ff98855c000 	C:\WINDOWS\SYSTEM32\GLU32.dll
0x00007ff99c310000 - 0x00007ff99c330000 	C:\WINDOWS\SYSTEM32\dxcore.dll
0x00007ff9977f0000 - 0x00007ff99789e000 	C:\WINDOWS\SYSTEM32\mscms.dll
0x00007ff99d5f0000 - 0x00007ff99d615000 	C:\WINDOWS\SYSTEM32\USERENV.dll
0x00007ff997570000 - 0x00007ff997587000 	C:\WINDOWS\SYSTEM32\ColorAdapterClient.dll
0x00007ff9a0600000 - 0x00007ff9a06c5000 	C:\WINDOWS\System32\OLEAUT32.dll
0x00007ff99ba20000 - 0x00007ff99bab9000 	C:\WINDOWS\system32\uxtheme.dll
0x00007ff99eb00000 - 0x00007ff99ec35000 	C:\WINDOWS\System32\MSCTF.dll
0x00007ff952420000 - 0x00007ff95251c000 	C:\ProgramData\A-Volute\A-Volute.Nahimic\Modules\Scheduled\x64\A-Volute.NahimicDevProps2.dll
0x00007ff99f420000 - 0x00007ff99f577000 	C:\WINDOWS\System32\ole32.dll
0x00007ff93b740000 - 0x00007ff93e0d8000 	C:\WINDOWS\System32\DriverStore\FileRepository\nvmii.inf_amd64_be086951676520bf\nvoglv64.dll
0x00007ff99ec40000 - 0x00007ff99f0b0000 	C:\WINDOWS\System32\SETUPAPI.dll
0x00007ff99e1c0000 - 0x00007ff99e1e6000 	C:\WINDOWS\System32\bcrypt.dll
0x00007ff99a1b0000 - 0x00007ff99a1c3000 	C:\WINDOWS\SYSTEM32\WTSAPI32.dll
0x00007ff99d4b0000 - 0x00007ff99d4da000 	C:\WINDOWS\SYSTEM32\DEVOBJ.dll
0x00007ff99d990000 - 0x00007ff99d9ec000 	C:\WINDOWS\System32\WINTRUST.dll
0x00007ff99d6e0000 - 0x00007ff99d6f2000 	C:\WINDOWS\System32\MSASN1.dll
0x00007ff99d840000 - 0x00007ff99d98a000 	C:\WINDOWS\System32\CRYPT32.dll
0x00007ff99c710000 - 0x00007ff99c741000 	C:\WINDOWS\SYSTEM32\ntmarta.dll
0x00007ff9562a0000 - 0x00007ff956559000 	C:\WINDOWS\system32\nvspcap64.dll
0x00007ff99bf50000 - 0x00007ff99bf7d000 	C:\WINDOWS\SYSTEM32\dwmapi.dll
0x00007ff993040000 - 0x00007ff9930dd000 	C:\WINDOWS\System32\TextInputFramework.dll
0x00007ff99b4c0000 - 0x00007ff99b594000 	C:\WINDOWS\System32\CoreMessaging.dll
0x00007ff999100000 - 0x00007ff99942a000 	C:\WINDOWS\System32\CoreUIComponents.dll
0x00007ff998aa0000 - 0x00007ff998bf2000 	C:\WINDOWS\SYSTEM32\wintypes.dll
0x00007ff990580000 - 0x00007ff990827000 	C:\WINDOWS\System32\iertutil.dll
0x00007ff9884e0000 - 0x00007ff988523000 	C:\WINDOWS\SYSTEM32\icm32.dll
0x00007ff99cc00000 - 0x00007ff99cc56000 	C:\WINDOWS\SYSTEM32\WINSTA.dll
0x00007ff99c3a0000 - 0x00007ff99c48b000 	C:\WINDOWS\system32\dxgi.dll
0x00007ff99ac30000 - 0x00007ff99ae8b000 	C:\WINDOWS\system32\d3d11.dll
0x00007ff991ef0000 - 0x00007ff991ff2000 	C:\WINDOWS\System32\DriverStore\FileRepository\nvmii.inf_amd64_be086951676520bf\nvldumdx.dll
0x00007ff9960b0000 - 0x00007ff9960df000 	C:\WINDOWS\SYSTEM32\cryptnet.dll
0x00007ff99d0e0000 - 0x00007ff99d0ec000 	C:\WINDOWS\SYSTEM32\cryptbase.dll
0x00007ff99e900000 - 0x00007ff99e91d000 	C:\WINDOWS\System32\imagehlp.dll
0x00007ff99ca30000 - 0x00007ff99ca63000 	C:\WINDOWS\system32\rsaenh.dll
0x00007ff95c3d0000 - 0x00007ff95ee88000 	C:\WINDOWS\System32\DriverStore\FileRepository\nvmii.inf_amd64_be086951676520bf\nvwgf2umx.dll
0x00007ff98ac70000 - 0x00007ff98b343000 	C:\WINDOWS\SYSTEM32\nvapi64.dll
0x00007ff942770000 - 0x00007ff943ded000 	C:\WINDOWS\System32\DriverStore\FileRepository\iigd_dch.inf_amd64_a086f01cc7be643a\igd10iumd64.dll
0x00007ff99d1e0000 - 0x00007ff99d206000 	C:\WINDOWS\SYSTEM32\ncrypt.dll
0x00007ff99d1a0000 - 0x00007ff99d1db000 	C:\WINDOWS\SYSTEM32\NTASN1.dll
0x00007ff95b970000 - 0x00007ff95bbaf000 	C:\WINDOWS\System32\DriverStore\FileRepository\iigd_dch.inf_amd64_a086f01cc7be643a\igdgmm64.dll
0x00007ff93fb00000 - 0x00007ff942762000 	C:\WINDOWS\System32\DriverStore\FileRepository\iigd_dch.inf_amd64_a086f01cc7be643a\igc64.dll
0x00007ff988340000 - 0x00007ff9884d9000 	C:\Program Files\Java\jdk-13.0.2\bin\awt.dll
0x00007ff99b820000 - 0x00007ff99b8af000 	C:\WINDOWS\SYSTEM32\apphelp.dll

dbghelp: loaded successfully - version: 4.0.5 - missing functions: none
symbol engine: initialized successfully - sym options: 0x614 - pdb path: .;C:\Program Files\Java\jdk-13.0.2\bin;C:\WINDOWS\SYSTEM32;C:\WINDOWS\WinSxS\amd64_microsoft.windows.common-controls_6595b64144ccf1df_6.0.18362.1379_none_9e7ff3b3e45cc0c4;C:\Program Files\Java\jdk-13.0.2\bin\server;C:\Users\Tepop\eclipse-workspace\OpenGL\lib\natives;C:\ProgramData\A-Volute\A-Volute.Nahimic\Modules\Scheduled\x64;C:\WINDOWS\System32\DriverStore\FileRepository\nvmii.inf_amd64_be086951676520bf;C:\WINDOWS\System32\DriverStore\FileRepository\iigd_dch.inf_amd64_a086f01cc7be643a

VM Arguments:
jvm_args: -Djava.library.path=C:\Users\Tepop\eclipse-workspace\OpenGL\lib\natives -Dfile.encoding=UTF-8 
java_command: me.Datablock_.OpenGL.engineTester.MainGameLoop
java_class_path (initial): C:\Users\Tepop\eclipse-workspace\OpenGL\bin;C:\Users\Tepop\eclipse-workspace\OpenGL\lib\jars\lwjgl_util.jar;C:\Users\Tepop\eclipse-workspace\OpenGL\lib\jars\lwjgl.jar;C:\Users\Tepop\eclipse-workspace\OpenGL\lib\jars\slick-util.jar
Launcher Type: SUN_STANDARD

[Global flags]
     intx CICompilerCount                          = 4                                         {product} {ergonomic}
     uint ConcGCThreads                            = 3                                         {product} {ergonomic}
     uint G1ConcRefinementThreads                  = 10                                        {product} {ergonomic}
   size_t G1HeapRegionSize                         = 1048576                                   {product} {ergonomic}
    uintx GCDrainStackTargetSize                   = 64                                        {product} {ergonomic}
   size_t InitialHeapSize                          = 266338304                                 {product} {ergonomic}
   size_t MarkStackSize                            = 4194304                                   {product} {ergonomic}
   size_t MaxHeapSize                              = 4255121408                                {product} {ergonomic}
   size_t MaxNewSize                               = 2552233984                                {product} {ergonomic}
   size_t MinHeapDeltaBytes                        = 1048576                                   {product} {ergonomic}
   size_t MinHeapSize                              = 8388608                                   {product} {ergonomic}
    uintx NonNMethodCodeHeapSize                   = 5839372                                {pd product} {ergonomic}
    uintx NonProfiledCodeHeapSize                  = 122909434                              {pd product} {ergonomic}
    uintx ProfiledCodeHeapSize                     = 122909434                              {pd product} {ergonomic}
    uintx ReservedCodeCacheSize                    = 251658240                              {pd product} {ergonomic}
     bool SegmentedCodeCache                       = true                                      {product} {ergonomic}
   size_t SoftMaxHeapSize                          = 4255121408                             {manageable} {ergonomic}
     bool UseCompressedClassPointers               = true                                 {lp64_product} {ergonomic}
     bool UseCompressedOops                        = true                                 {lp64_product} {ergonomic}
     bool UseG1GC                                  = true                                      {product} {ergonomic}
     bool UseLargePagesIndividualAllocation        = false                                  {pd product} {ergonomic}

Logging:
Log output configuration:
 #0: stdout all=warning uptime,level,tags
 #1: stderr all=off uptime,level,tags

Environment Variables:
JAVA_HOME=C:\Program Files\Java\jdk-13.0.2
PATH=C:/Program Files/Java/jdk-13.0.2/bin/server;C:/Program Files/Java/jdk-13.0.2/bin;C:\Program Files (x86)\Common Files\Oracle\Java\javapath;C:\Windows\system32;C:\Windows;C:\Windows\System32\Wbem;C:\Windows\System32\WindowsPowerShell\v1.0\;C:\Windows\System32\OpenSSH\;C:\Program Files (x86)\NVIDIA Corporation\PhysX\Common;C:\Program Files\NVIDIA Corporation\NVIDIA NvDLISR;C:\WINDOWS\system32;C:\WINDOWS;C:\WINDOWS\System32\Wbem;C:\WINDOWS\System32\WindowsPowerShell\v1.0\;C:\WINDOWS\System32\OpenSSH\;C:\Program Files\Java\jdk-13.0.2\bin;C:\Users\Tepop\AppData\Local\Microsoft\WindowsApps;C:\Users\Tepop\AppData\Local\GitHubDesktop\bin;C:\Users\Tepop\Desktop;
USERNAME=Tristan
OS=Windows_NT
PROCESSOR_IDENTIFIER=Intel64 Family 6 Model 158 Stepping 13, GenuineIntel



---------------  S Y S T E M  ---------------

OS: Windows 10 , 64 bit Build 18362 (10.0.18362.1350)

CPU:total 12 (initial active 12) (6 cores per cpu, 2 threads per core) family 6 model 158 stepping 13, cmov, cx8, fxsr, mmx, sse, sse2, sse3, ssse3, sse4.1, sse4.2, popcnt, avx, avx2, aes, clmul, erms, 3dnowpref, lzcnt, ht, tsc, tscinvbit, bmi1, bmi2, adx, fma

Memory: 4k page, system-wide physical 16229M (5116M free)
TotalPageFile size 65381M (AvailPageFile size 12M)
current process WorkingSet (physical memory assigned to process): 4982M, peak: 5697M
current process commit charge ("private bytes"): 7845M, peak: 8094M

vm_info: Java HotSpot(TM) 64-Bit Server VM (13.0.2+8) for windows-amd64 JRE (13.0.2+8), built on Dec 11 2019 09:20:33 by "mach5one" with unknown MS VC++:1916

END.
